2016-05-01 13:52:31  swtsample.TestCommon.testLog4(TestCommon.java:13)  这是一个致命的错误信息
2016-05-01 13:52:31  swtsample.TestCommon.testLog4(TestCommon.java:14)  错误信息
2016-05-01 13:52:31  swtsample.TestCommon.testLog4(TestCommon.java:15)  普通信息
2016-05-01 13:52:31  swtsample.TestCommon.testLog4(TestCommon.java:16)  调试错误
2016-05-01 13:54:17  com.yc.utils.Common.error(Common.java:16)  java.net.URLClassLoader$1.run(Unknown Source)
2016-05-01 13:54:17  com.yc.utils.Common.error(Common.java:16)  java.net.URLClassLoader$1.run(Unknown Source)
2016-05-01 13:54:17  com.yc.utils.Common.error(Common.java:16)  java.security.AccessController.doPrivileged(Native Method)
2016-05-01 13:54:17  com.yc.utils.Common.error(Common.java:16)  java.net.URLClassLoader.findClass(Unknown Source)
2016-05-01 13:54:17  com.yc.utils.Common.error(Common.java:16)  java.lang.ClassLoader.loadClass(Unknown Source)
2016-05-01 13:54:17  com.yc.utils.Common.error(Common.java:16)  sun.misc.Launcher$AppClassLoader.loadClass(Unknown Source)
2016-05-01 13:54:17  com.yc.utils.Common.error(Common.java:16)  java.lang.ClassLoader.loadClass(Unknown Source)
2016-05-01 13:54:17  com.yc.utils.Common.error(Common.java:16)  java.lang.Class.forName0(Native Method)
2016-05-01 13:54:17  com.yc.utils.Common.error(Common.java:16)  java.lang.Class.forName(Unknown Source)
2016-05-01 13:54:17  com.yc.utils.Common.error(Common.java:16)  com.yc.dao.DBHelper.<clinit>(DBHelper.java:24)
2016-05-01 13:54:17  com.yc.utils.Common.error(Common.java:16)  swtsample.TestDBHelper.test(TestDBHelper.java:17)
2016-05-01 13:54:17  com.yc.utils.Common.error(Common.java:16)  sun.reflect.NativeMethodAccessorImpl.invoke0(Native Method)
2016-05-01 13:54:17  com.yc.utils.Common.error(Common.java:16)  sun.reflect.NativeMethodAccessorImpl.invoke(Unknown Source)
2016-05-01 13:54:17  com.yc.utils.Common.error(Common.java:16)  sun.reflect.DelegatingMethodAccessorImpl.invoke(Unknown Source)
2016-05-01 13:54:17  com.yc.utils.Common.error(Common.java:16)  java.lang.reflect.Method.invoke(Unknown Source)
2016-05-01 13:54:17  com.yc.utils.Common.error(Common.java:16)  org.junit.runners.model.FrameworkMethod$1.runReflectiveCall(FrameworkMethod.java:47)
2016-05-01 13:54:17  com.yc.utils.Common.error(Common.java:16)  org.junit.internal.runners.model.ReflectiveCallable.run(ReflectiveCallable.java:12)
2016-05-01 13:54:17  com.yc.utils.Common.error(Common.java:16)  org.junit.runners.model.FrameworkMethod.invokeExplosively(FrameworkMethod.java:44)
2016-05-01 13:54:17  com.yc.utils.Common.error(Common.java:16)  org.junit.internal.runners.statements.InvokeMethod.evaluate(InvokeMethod.java:17)
2016-05-01 13:54:17  com.yc.utils.Common.error(Common.java:16)  org.junit.runners.ParentRunner.runLeaf(ParentRunner.java:271)
2016-05-01 13:54:17  com.yc.utils.Common.error(Common.java:16)  org.junit.runners.BlockJUnit4ClassRunner.runChild(BlockJUnit4ClassRunner.java:70)
2016-05-01 13:54:17  com.yc.utils.Common.error(Common.java:16)  org.junit.runners.BlockJUnit4ClassRunner.runChild(BlockJUnit4ClassRunner.java:50)
2016-05-01 13:54:17  com.yc.utils.Common.error(Common.java:16)  org.junit.runners.ParentRunner$3.run(ParentRunner.java:238)
2016-05-01 13:54:17  com.yc.utils.Common.error(Common.java:16)  org.junit.runners.ParentRunner$1.schedule(ParentRunner.java:63)
2016-05-01 13:54:17  com.yc.utils.Common.error(Common.java:16)  org.junit.runners.ParentRunner.runChildren(ParentRunner.java:236)
2016-05-01 13:54:17  com.yc.utils.Common.error(Common.java:16)  org.junit.runners.ParentRunner.access$000(ParentRunner.java:53)
2016-05-01 13:54:17  com.yc.utils.Common.error(Common.java:16)  org.junit.runners.ParentRunner$2.evaluate(ParentRunner.java:229)
2016-05-01 13:54:17  com.yc.utils.Common.error(Common.java:16)  org.junit.runners.ParentRunner.run(ParentRunner.java:309)
2016-05-01 13:54:17  com.yc.utils.Common.error(Common.java:16)  org.eclipse.jdt.internal.junit4.runner.JUnit4TestReference.run(JUnit4TestReference.java:50)
2016-05-01 13:54:17  com.yc.utils.Common.error(Common.java:16)  org.eclipse.jdt.internal.junit.runner.TestExecution.run(TestExecution.java:38)
2016-05-01 13:54:17  com.yc.utils.Common.error(Common.java:16)  org.eclipse.jdt.internal.junit.runner.RemoteTestRunner.runTests(RemoteTestRunner.java:459)
2016-05-01 13:54:17  com.yc.utils.Common.error(Common.java:16)  org.eclipse.jdt.internal.junit.runner.RemoteTestRunner.runTests(RemoteTestRunner.java:675)
2016-05-01 13:54:17  com.yc.utils.Common.error(Common.java:16)  org.eclipse.jdt.internal.junit.runner.RemoteTestRunner.run(RemoteTestRunner.java:382)
2016-05-01 13:54:17  com.yc.utils.Common.error(Common.java:16)  org.eclipse.jdt.internal.junit.runner.RemoteTestRunner.main(RemoteTestRunner.java:192)
2016-05-01 13:54:17  com.yc.utils.Common.error(Common.java:16)  java.sql.DriverManager.getConnection(Unknown Source)
2016-05-01 13:54:17  com.yc.utils.Common.error(Common.java:16)  java.sql.DriverManager.getConnection(Unknown Source)
2016-05-01 13:54:17  com.yc.utils.Common.error(Common.java:16)  com.yc.dao.DBHelper.getCon(DBHelper.java:34)
2016-05-01 13:54:17  com.yc.utils.Common.error(Common.java:16)  swtsample.TestDBHelper.test(TestDBHelper.java:18)
2016-05-01 13:54:17  com.yc.utils.Common.error(Common.java:16)  sun.reflect.NativeMethodAccessorImpl.invoke0(Native Method)
2016-05-01 13:54:17  com.yc.utils.Common.error(Common.java:16)  sun.reflect.NativeMethodAccessorImpl.invoke(Unknown Source)
2016-05-01 13:54:18  com.yc.utils.Common.error(Common.java:16)  sun.reflect.DelegatingMethodAccessorImpl.invoke(Unknown Source)
2016-05-01 13:54:18  com.yc.utils.Common.error(Common.java:16)  java.lang.reflect.Method.invoke(Unknown Source)
2016-05-01 13:54:18  com.yc.utils.Common.error(Common.java:16)  org.junit.runners.model.FrameworkMethod$1.runReflectiveCall(FrameworkMethod.java:47)
2016-05-01 13:54:18  com.yc.utils.Common.error(Common.java:16)  org.junit.internal.runners.model.ReflectiveCallable.run(ReflectiveCallable.java:12)
2016-05-01 13:54:18  com.yc.utils.Common.error(Common.java:16)  org.junit.runners.model.FrameworkMethod.invokeExplosively(FrameworkMethod.java:44)
2016-05-01 13:54:18  com.yc.utils.Common.error(Common.java:16)  org.junit.internal.runners.statements.InvokeMethod.evaluate(InvokeMethod.java:17)
2016-05-01 13:54:18  com.yc.utils.Common.error(Common.java:16)  org.junit.runners.ParentRunner.runLeaf(ParentRunner.java:271)
2016-05-01 13:54:18  com.yc.utils.Common.error(Common.java:16)  org.junit.runners.BlockJUnit4ClassRunner.runChild(BlockJUnit4ClassRunner.java:70)
2016-05-01 13:54:18  com.yc.utils.Common.error(Common.java:16)  org.junit.runners.BlockJUnit4ClassRunner.runChild(BlockJUnit4ClassRunner.java:50)
2016-05-01 13:54:18  com.yc.utils.Common.error(Common.java:16)  org.junit.runners.ParentRunner$3.run(ParentRunner.java:238)
2016-05-01 13:54:18  com.yc.utils.Common.error(Common.java:16)  org.junit.runners.ParentRunner$1.schedule(ParentRunner.java:63)
2016-05-01 13:54:18  com.yc.utils.Common.error(Common.java:16)  org.junit.runners.ParentRunner.runChildren(ParentRunner.java:236)
2016-05-01 13:54:18  com.yc.utils.Common.error(Common.java:16)  org.junit.runners.ParentRunner.access$000(ParentRunner.java:53)
2016-05-01 13:54:18  com.yc.utils.Common.error(Common.java:16)  org.junit.runners.ParentRunner$2.evaluate(ParentRunner.java:229)
2016-05-01 13:54:18  com.yc.utils.Common.error(Common.java:16)  org.junit.runners.ParentRunner.run(ParentRunner.java:309)
2016-05-01 13:54:18  com.yc.utils.Common.error(Common.java:16)  org.eclipse.jdt.internal.junit4.runner.JUnit4TestReference.run(JUnit4TestReference.java:50)
2016-05-01 13:54:18  com.yc.utils.Common.error(Common.java:16)  org.eclipse.jdt.internal.junit.runner.TestExecution.run(TestExecution.java:38)
2016-05-01 13:54:18  com.yc.utils.Common.error(Common.java:16)  org.eclipse.jdt.internal.junit.runner.RemoteTestRunner.runTests(RemoteTestRunner.java:459)
2016-05-01 13:54:18  com.yc.utils.Common.error(Common.java:16)  org.eclipse.jdt.internal.junit.runner.RemoteTestRunner.runTests(RemoteTestRunner.java:675)
2016-05-01 13:54:18  com.yc.utils.Common.error(Common.java:16)  org.eclipse.jdt.internal.junit.runner.RemoteTestRunner.run(RemoteTestRunner.java:382)
2016-05-01 13:54:18  com.yc.utils.Common.error(Common.java:16)  org.eclipse.jdt.internal.junit.runner.RemoteTestRunner.main(RemoteTestRunner.java:192)
2016-05-02 09:04:53  com.yc.utils.Common.error(Common.java:16)  java.net.URLClassLoader$1.run(URLClassLoader.java:366)
2016-05-02 09:04:53  com.yc.utils.Common.error(Common.java:16)  java.net.URLClassLoader$1.run(URLClassLoader.java:355)
2016-05-02 09:04:53  com.yc.utils.Common.error(Common.java:16)  java.security.AccessController.doPrivileged(Native Method)
2016-05-02 09:04:53  com.yc.utils.Common.error(Common.java:16)  java.net.URLClassLoader.findClass(URLClassLoader.java:354)
2016-05-02 09:04:53  com.yc.utils.Common.error(Common.java:16)  java.lang.ClassLoader.loadClass(ClassLoader.java:425)
2016-05-02 09:04:53  com.yc.utils.Common.error(Common.java:16)  sun.misc.Launcher$AppClassLoader.loadClass(Launcher.java:308)
2016-05-02 09:04:53  com.yc.utils.Common.error(Common.java:16)  java.lang.ClassLoader.loadClass(ClassLoader.java:358)
2016-05-02 09:04:53  com.yc.utils.Common.error(Common.java:16)  java.lang.Class.forName0(Native Method)
2016-05-02 09:04:53  com.yc.utils.Common.error(Common.java:16)  java.lang.Class.forName(Class.java:191)
2016-05-02 09:04:53  com.yc.utils.Common.error(Common.java:16)  com.yc.dao.DBHelper.<clinit>(DBHelper.java:24)
2016-05-02 09:04:53  com.yc.utils.Common.error(Common.java:16)  swtsample.Test.main(Test.java:11)
2016-05-02 09:04:53  com.yc.utils.Common.error(Common.java:16)  java.sql.DriverManager.getConnection(DriverManager.java:596)
2016-05-02 09:04:53  com.yc.utils.Common.error(Common.java:16)  java.sql.DriverManager.getConnection(DriverManager.java:215)
2016-05-02 09:04:53  com.yc.utils.Common.error(Common.java:16)  com.yc.dao.DBHelper.getCon(DBHelper.java:34)
2016-05-02 09:04:53  com.yc.utils.Common.error(Common.java:16)  com.yc.dao.DBHelper.find(DBHelper.java:140)
2016-05-02 09:04:53  com.yc.utils.Common.error(Common.java:16)  swtsample.Test.main(Test.java:13)
2016-05-02 09:09:55  com.yc.utils.Common.error(Common.java:16)  java.net.URLClassLoader$1.run(URLClassLoader.java:366)
2016-05-02 09:09:55  com.yc.utils.Common.error(Common.java:16)  java.net.URLClassLoader$1.run(URLClassLoader.java:355)
2016-05-02 09:09:55  com.yc.utils.Common.error(Common.java:16)  java.security.AccessController.doPrivileged(Native Method)
2016-05-02 09:09:55  com.yc.utils.Common.error(Common.java:16)  java.net.URLClassLoader.findClass(URLClassLoader.java:354)
2016-05-02 09:09:55  com.yc.utils.Common.error(Common.java:16)  java.lang.ClassLoader.loadClass(ClassLoader.java:425)
2016-05-02 09:09:55  com.yc.utils.Common.error(Common.java:16)  sun.misc.Launcher$AppClassLoader.loadClass(Launcher.java:308)
2016-05-02 09:09:55  com.yc.utils.Common.error(Common.java:16)  java.lang.ClassLoader.loadClass(ClassLoader.java:358)
2016-05-02 09:09:55  com.yc.utils.Common.error(Common.java:16)  java.lang.Class.forName0(Native Method)
2016-05-02 09:09:55  com.yc.utils.Common.error(Common.java:16)  java.lang.Class.forName(Class.java:191)
2016-05-02 09:09:55  com.yc.utils.Common.error(Common.java:16)  com.yc.dao.DBHelper.<clinit>(DBHelper.java:24)
2016-05-02 09:09:55  com.yc.utils.Common.error(Common.java:16)  swtsample.Test.main(Test.java:11)
2016-05-02 09:09:55  com.yc.utils.Common.error(Common.java:16)  java.sql.DriverManager.getConnection(DriverManager.java:596)
2016-05-02 09:09:55  com.yc.utils.Common.error(Common.java:16)  java.sql.DriverManager.getConnection(DriverManager.java:215)
2016-05-02 09:09:55  com.yc.utils.Common.error(Common.java:16)  com.yc.dao.DBHelper.getCon(DBHelper.java:34)
2016-05-02 09:09:55  com.yc.utils.Common.error(Common.java:16)  com.yc.dao.DBHelper.find(DBHelper.java:140)
2016-05-02 09:09:55  com.yc.utils.Common.error(Common.java:16)  swtsample.Test.main(Test.java:13)
2016-05-02 09:30:53  com.yc.utils.Common.error(Common.java:16)  oracle.jdbc.driver.DatabaseError.throwSqlException(DatabaseError.java:112)
2016-05-02 09:30:53  com.yc.utils.Common.error(Common.java:16)  oracle.jdbc.driver.T4CTTIoer.processError(T4CTTIoer.java:331)
2016-05-02 09:30:53  com.yc.utils.Common.error(Common.java:16)  oracle.jdbc.driver.T4CTTIoer.processError(T4CTTIoer.java:288)
2016-05-02 09:30:53  com.yc.utils.Common.error(Common.java:16)  oracle.jdbc.driver.T4C8Oall.receive(T4C8Oall.java:743)
2016-05-02 09:30:53  com.yc.utils.Common.error(Common.java:16)  oracle.jdbc.driver.T4CPreparedStatement.doOall8(T4CPreparedStatement.java:213)
2016-05-02 09:30:53  com.yc.utils.Common.error(Common.java:16)  oracle.jdbc.driver.T4CPreparedStatement.executeForDescribe(T4CPreparedStatement.java:796)
2016-05-02 09:30:53  com.yc.utils.Common.error(Common.java:16)  oracle.jdbc.driver.OracleStatement.executeMaybeDescribe(OracleStatement.java:1031)
2016-05-02 09:30:53  com.yc.utils.Common.error(Common.java:16)  oracle.jdbc.driver.T4CPreparedStatement.executeMaybeDescribe(T4CPreparedStatement.java:836)
2016-05-02 09:30:53  com.yc.utils.Common.error(Common.java:16)  oracle.jdbc.driver.OracleStatement.doExecuteWithTimeout(OracleStatement.java:1124)
2016-05-02 09:30:53  com.yc.utils.Common.error(Common.java:16)  oracle.jdbc.driver.OraclePreparedStatement.executeInternal(OraclePreparedStatement.java:3285)
2016-05-02 09:30:53  com.yc.utils.Common.error(Common.java:16)  oracle.jdbc.driver.OraclePreparedStatement.executeQuery(OraclePreparedStatement.java:3329)
2016-05-02 09:30:53  com.yc.utils.Common.error(Common.java:16)  com.yc.dao.DBHelper.find(DBHelper.java:144)
2016-05-02 09:30:53  com.yc.utils.Common.error(Common.java:16)  swtsample.Test.main(Test.java:13)
2016-05-02 09:31:31  com.yc.utils.Common.error(Common.java:16)  oracle.jdbc.driver.DatabaseError.throwSqlException(DatabaseError.java:112)
2016-05-02 09:31:31  com.yc.utils.Common.error(Common.java:16)  oracle.jdbc.driver.T4CTTIoer.processError(T4CTTIoer.java:331)
2016-05-02 09:31:31  com.yc.utils.Common.error(Common.java:16)  oracle.jdbc.driver.T4CTTIoer.processError(T4CTTIoer.java:288)
2016-05-02 09:31:31  com.yc.utils.Common.error(Common.java:16)  oracle.jdbc.driver.T4C8Oall.receive(T4C8Oall.java:743)
2016-05-02 09:31:31  com.yc.utils.Common.error(Common.java:16)  oracle.jdbc.driver.T4CPreparedStatement.doOall8(T4CPreparedStatement.java:213)
2016-05-02 09:31:31  com.yc.utils.Common.error(Common.java:16)  oracle.jdbc.driver.T4CPreparedStatement.executeForDescribe(T4CPreparedStatement.java:796)
2016-05-02 09:31:31  com.yc.utils.Common.error(Common.java:16)  oracle.jdbc.driver.OracleStatement.executeMaybeDescribe(OracleStatement.java:1031)
2016-05-02 09:31:31  com.yc.utils.Common.error(Common.java:16)  oracle.jdbc.driver.T4CPreparedStatement.executeMaybeDescribe(T4CPreparedStatement.java:836)
2016-05-02 09:31:31  com.yc.utils.Common.error(Common.java:16)  oracle.jdbc.driver.OracleStatement.doExecuteWithTimeout(OracleStatement.java:1124)
2016-05-02 09:31:31  com.yc.utils.Common.error(Common.java:16)  oracle.jdbc.driver.OraclePreparedStatement.executeInternal(OraclePreparedStatement.java:3285)
2016-05-02 09:31:31  com.yc.utils.Common.error(Common.java:16)  oracle.jdbc.driver.OraclePreparedStatement.executeQuery(OraclePreparedStatement.java:3329)
2016-05-02 09:31:31  com.yc.utils.Common.error(Common.java:16)  com.yc.dao.DBHelper.find(DBHelper.java:144)
2016-05-02 09:31:31  com.yc.utils.Common.error(Common.java:16)  swtsample.Test.main(Test.java:13)
2016-05-02 13:44:21  com.yc.utils.Common.error(Common.java:16)  java.sql.DriverManager.getConnection(DriverManager.java:596)
2016-05-02 13:44:21  com.yc.utils.Common.error(Common.java:16)  java.sql.DriverManager.getConnection(DriverManager.java:215)
2016-05-02 13:44:21  com.yc.utils.Common.error(Common.java:16)  com.yc.dao.DBHelper.getCon(DBHelper.java:31)
2016-05-02 13:44:21  com.yc.utils.Common.error(Common.java:16)  com.yc.ui.Logon$2.mouseDoubleClick(Logon.java:192)
2016-05-02 13:44:21  com.yc.utils.Common.error(Common.java:16)  org.eclipse.swt.widgets.TypedListener.handleEvent(TypedListener.java:183)
2016-05-02 13:44:21  com.yc.utils.Common.error(Common.java:16)  org.eclipse.swt.widgets.EventTable.sendEvent(EventTable.java:84)
2016-05-02 13:44:21  com.yc.utils.Common.error(Common.java:16)  org.eclipse.swt.widgets.Widget.sendEvent(Widget.java:1003)
2016-05-02 13:44:21  com.yc.utils.Common.error(Common.java:16)  org.eclipse.swt.widgets.Display.runDeferredEvents(Display.java:3823)
2016-05-02 13:44:21  com.yc.utils.Common.error(Common.java:16)  org.eclipse.swt.widgets.Display.readAndDispatch(Display.java:3422)
2016-05-02 13:44:21  com.yc.utils.Common.error(Common.java:16)  com.yc.ui.Logon.open(Logon.java:66)
2016-05-02 13:44:21  com.yc.utils.Common.error(Common.java:16)  com.yc.ui.Logon.main(Logon.java:51)
2016-05-02 13:48:08  com.yc.utils.Common.error(Common.java:16)  java.sql.DriverManager.getConnection(DriverManager.java:596)
2016-05-02 13:48:08  com.yc.utils.Common.error(Common.java:16)  java.sql.DriverManager.getConnection(DriverManager.java:215)
2016-05-02 13:48:08  com.yc.utils.Common.error(Common.java:16)  com.yc.dao.DBHelper.getCon(DBHelper.java:31)
2016-05-02 13:48:08  com.yc.utils.Common.error(Common.java:16)  com.yc.ui.Logon$2.mouseDoubleClick(Logon.java:192)
2016-05-02 13:48:08  com.yc.utils.Common.error(Common.java:16)  org.eclipse.swt.widgets.TypedListener.handleEvent(TypedListener.java:183)
2016-05-02 13:48:08  com.yc.utils.Common.error(Common.java:16)  org.eclipse.swt.widgets.EventTable.sendEvent(EventTable.java:84)
2016-05-02 13:48:08  com.yc.utils.Common.error(Common.java:16)  org.eclipse.swt.widgets.Widget.sendEvent(Widget.java:1003)
2016-05-02 13:48:08  com.yc.utils.Common.error(Common.java:16)  org.eclipse.swt.widgets.Display.runDeferredEvents(Display.java:3823)
2016-05-02 13:48:08  com.yc.utils.Common.error(Common.java:16)  org.eclipse.swt.widgets.Display.readAndDispatch(Display.java:3422)
2016-05-02 13:48:08  com.yc.utils.Common.error(Common.java:16)  com.yc.ui.Logon.open(Logon.java:66)
2016-05-02 13:48:08  com.yc.utils.Common.error(Common.java:16)  com.yc.ui.Logon.main(Logon.java:51)
2016-05-02 13:50:19  com.yc.utils.Common.error(Common.java:16)  java.sql.DriverManager.getConnection(DriverManager.java:596)
2016-05-02 13:50:19  com.yc.utils.Common.error(Common.java:16)  java.sql.DriverManager.getConnection(DriverManager.java:215)
2016-05-02 13:50:19  com.yc.utils.Common.error(Common.java:16)  com.yc.dao.DBHelper.getCon(DBHelper.java:31)
2016-05-02 13:50:19  com.yc.utils.Common.error(Common.java:16)  com.yc.ui.Logon$2.mouseDoubleClick(Logon.java:192)
2016-05-02 13:50:19  com.yc.utils.Common.error(Common.java:16)  org.eclipse.swt.widgets.TypedListener.handleEvent(TypedListener.java:183)
2016-05-02 13:50:19  com.yc.utils.Common.error(Common.java:16)  org.eclipse.swt.widgets.EventTable.sendEvent(EventTable.java:84)
2016-05-02 13:50:19  com.yc.utils.Common.error(Common.java:16)  org.eclipse.swt.widgets.Widget.sendEvent(Widget.java:1003)
2016-05-02 13:50:19  com.yc.utils.Common.error(Common.java:16)  org.eclipse.swt.widgets.Display.runDeferredEvents(Display.java:3823)
2016-05-02 13:50:19  com.yc.utils.Common.error(Common.java:16)  org.eclipse.swt.widgets.Display.readAndDispatch(Display.java:3422)
2016-05-02 13:50:19  com.yc.utils.Common.error(Common.java:16)  com.yc.ui.Logon.open(Logon.java:66)
2016-05-02 13:50:19  com.yc.utils.Common.error(Common.java:16)  com.yc.ui.Logon.main(Logon.java:51)
2016-05-02 13:50:38  com.yc.utils.Common.error(Common.java:16)  java.sql.DriverManager.getConnection(DriverManager.java:596)
2016-05-02 13:50:38  com.yc.utils.Common.error(Common.java:16)  java.sql.DriverManager.getConnection(DriverManager.java:215)
2016-05-02 13:50:38  com.yc.utils.Common.error(Common.java:16)  com.yc.dao.DBHelper.getCon(DBHelper.java:31)
2016-05-02 13:50:38  com.yc.utils.Common.error(Common.java:16)  com.yc.ui.Logon$2.mouseDoubleClick(Logon.java:192)
2016-05-02 13:50:38  com.yc.utils.Common.error(Common.java:16)  org.eclipse.swt.widgets.TypedListener.handleEvent(TypedListener.java:183)
2016-05-02 13:50:38  com.yc.utils.Common.error(Common.java:16)  org.eclipse.swt.widgets.EventTable.sendEvent(EventTable.java:84)
2016-05-02 13:50:38  com.yc.utils.Common.error(Common.java:16)  org.eclipse.swt.widgets.Widget.sendEvent(Widget.java:1003)
2016-05-02 13:50:38  com.yc.utils.Common.error(Common.java:16)  org.eclipse.swt.widgets.Display.runDeferredEvents(Display.java:3823)
2016-05-02 13:50:38  com.yc.utils.Common.error(Common.java:16)  org.eclipse.swt.widgets.Display.readAndDispatch(Display.java:3422)
2016-05-02 13:50:38  com.yc.utils.Common.error(Common.java:16)  com.yc.ui.Logon.open(Logon.java:66)
2016-05-02 13:50:38  com.yc.utils.Common.error(Common.java:16)  com.yc.ui.Logon.main(Logon.java:51)
2016-05-02 13:51:04  com.yc.utils.Common.error(Common.java:16)  java.sql.DriverManager.getConnection(DriverManager.java:596)
2016-05-02 13:51:04  com.yc.utils.Common.error(Common.java:16)  java.sql.DriverManager.getConnection(DriverManager.java:215)
2016-05-02 13:51:04  com.yc.utils.Common.error(Common.java:16)  com.yc.dao.DBHelper.getCon(DBHelper.java:31)
2016-05-02 13:51:04  com.yc.utils.Common.error(Common.java:16)  com.yc.ui.Logon$2.mouseDoubleClick(Logon.java:192)
2016-05-02 13:51:04  com.yc.utils.Common.error(Common.java:16)  org.eclipse.swt.widgets.TypedListener.handleEvent(TypedListener.java:183)
2016-05-02 13:51:04  com.yc.utils.Common.error(Common.java:16)  org.eclipse.swt.widgets.EventTable.sendEvent(EventTable.java:84)
2016-05-02 13:51:04  com.yc.utils.Common.error(Common.java:16)  org.eclipse.swt.widgets.Widget.sendEvent(Widget.java:1003)
2016-05-02 13:51:04  com.yc.utils.Common.error(Common.java:16)  org.eclipse.swt.widgets.Display.runDeferredEvents(Display.java:3823)
2016-05-02 13:51:04  com.yc.utils.Common.error(Common.java:16)  org.eclipse.swt.widgets.Display.readAndDispatch(Display.java:3422)
2016-05-02 13:51:04  com.yc.utils.Common.error(Common.java:16)  com.yc.ui.Logon.open(Logon.java:66)
2016-05-02 13:51:04  com.yc.utils.Common.error(Common.java:16)  com.yc.ui.Logon.main(Logon.java:51)
2016-05-02 13:52:03  com.yc.utils.Common.error(Common.java:16)  java.sql.DriverManager.getConnection(DriverManager.java:596)
2016-05-02 13:52:03  com.yc.utils.Common.error(Common.java:16)  java.sql.DriverManager.getConnection(DriverManager.java:215)
2016-05-02 13:52:03  com.yc.utils.Common.error(Common.java:16)  com.yc.dao.DBHelper.getCon(DBHelper.java:31)
2016-05-02 13:52:03  com.yc.utils.Common.error(Common.java:16)  com.yc.ui.Logon$2.mouseDoubleClick(Logon.java:192)
2016-05-02 13:52:03  com.yc.utils.Common.error(Common.java:16)  org.eclipse.swt.widgets.TypedListener.handleEvent(TypedListener.java:183)
2016-05-02 13:52:03  com.yc.utils.Common.error(Common.java:16)  org.eclipse.swt.widgets.EventTable.sendEvent(EventTable.java:84)
2016-05-02 13:52:03  com.yc.utils.Common.error(Common.java:16)  org.eclipse.swt.widgets.Widget.sendEvent(Widget.java:1003)
2016-05-02 13:52:03  com.yc.utils.Common.error(Common.java:16)  org.eclipse.swt.widgets.Display.runDeferredEvents(Display.java:3823)
2016-05-02 13:52:03  com.yc.utils.Common.error(Common.java:16)  org.eclipse.swt.widgets.Display.readAndDispatch(Display.java:3422)
2016-05-02 13:52:03  com.yc.utils.Common.error(Common.java:16)  com.yc.ui.Logon.open(Logon.java:66)
2016-05-02 13:52:03  com.yc.utils.Common.error(Common.java:16)  com.yc.ui.Logon.main(Logon.java:51)
2016-05-02 14:10:59  com.yc.utils.Common.error(Common.java:16)  oracle.jdbc.driver.DatabaseError.throwSqlException(DatabaseError.java:112)
2016-05-02 14:10:59  com.yc.utils.Common.error(Common.java:16)  oracle.jdbc.driver.DatabaseError.throwSqlException(DatabaseError.java:261)
2016-05-02 14:10:59  com.yc.utils.Common.error(Common.java:16)  oracle.jdbc.driver.T4CConnection.logon(T4CConnection.java:387)
2016-05-02 14:10:59  com.yc.utils.Common.error(Common.java:16)  oracle.jdbc.driver.PhysicalConnection.<init>(PhysicalConnection.java:414)
2016-05-02 14:10:59  com.yc.utils.Common.error(Common.java:16)  oracle.jdbc.driver.T4CConnection.<init>(T4CConnection.java:165)
2016-05-02 14:10:59  com.yc.utils.Common.error(Common.java:16)  oracle.jdbc.driver.T4CDriverExtension.getConnection(T4CDriverExtension.java:35)
2016-05-02 14:10:59  com.yc.utils.Common.error(Common.java:16)  oracle.jdbc.driver.OracleDriver.connect(OracleDriver.java:801)
2016-05-02 14:10:59  com.yc.utils.Common.error(Common.java:16)  java.sql.DriverManager.getConnection(DriverManager.java:571)
2016-05-02 14:10:59  com.yc.utils.Common.error(Common.java:16)  java.sql.DriverManager.getConnection(DriverManager.java:215)
2016-05-02 14:10:59  com.yc.utils.Common.error(Common.java:16)  com.yc.dao.DBHelper.getCon(DBHelper.java:33)
2016-05-02 14:10:59  com.yc.utils.Common.error(Common.java:16)  com.yc.ui.Logon$2.mouseDoubleClick(Logon.java:192)
2016-05-02 14:10:59  com.yc.utils.Common.error(Common.java:16)  org.eclipse.swt.widgets.TypedListener.handleEvent(TypedListener.java:183)
2016-05-02 14:10:59  com.yc.utils.Common.error(Common.java:16)  org.eclipse.swt.widgets.EventTable.sendEvent(EventTable.java:84)
2016-05-02 14:10:59  com.yc.utils.Common.error(Common.java:16)  org.eclipse.swt.widgets.Widget.sendEvent(Widget.java:1003)
2016-05-02 14:10:59  com.yc.utils.Common.error(Common.java:16)  org.eclipse.swt.widgets.Display.runDeferredEvents(Display.java:3823)
2016-05-02 14:10:59  com.yc.utils.Common.error(Common.java:16)  org.eclipse.swt.widgets.Display.readAndDispatch(Display.java:3422)
2016-05-02 14:10:59  com.yc.utils.Common.error(Common.java:16)  com.yc.ui.Logon.open(Logon.java:66)
2016-05-02 14:10:59  com.yc.utils.Common.error(Common.java:16)  com.yc.ui.Logon.main(Logon.java:51)
2016-05-02 14:57:51  com.yc.utils.Common.error(Common.java:16)  java.sql.DriverManager.getConnection(DriverManager.java:596)
2016-05-02 14:57:51  com.yc.utils.Common.error(Common.java:16)  java.sql.DriverManager.getConnection(DriverManager.java:215)
2016-05-02 14:57:51  com.yc.utils.Common.error(Common.java:16)  com.yc.dao.DBHelper.getCon(DBHelper.java:36)
2016-05-02 14:57:51  com.yc.utils.Common.error(Common.java:16)  com.yc.ui.Logon$2.mouseDoubleClick(Logon.java:192)
2016-05-02 14:57:51  com.yc.utils.Common.error(Common.java:16)  org.eclipse.swt.widgets.TypedListener.handleEvent(TypedListener.java:183)
2016-05-02 14:57:51  com.yc.utils.Common.error(Common.java:16)  org.eclipse.swt.widgets.EventTable.sendEvent(EventTable.java:84)
2016-05-02 14:57:51  com.yc.utils.Common.error(Common.java:16)  org.eclipse.swt.widgets.Widget.sendEvent(Widget.java:1003)
2016-05-02 14:57:51  com.yc.utils.Common.error(Common.java:16)  org.eclipse.swt.widgets.Display.runDeferredEvents(Display.java:3823)
2016-05-02 14:57:51  com.yc.utils.Common.error(Common.java:16)  org.eclipse.swt.widgets.Display.readAndDispatch(Display.java:3422)
2016-05-02 14:57:51  com.yc.utils.Common.error(Common.java:16)  com.yc.ui.Logon.open(Logon.java:66)
2016-05-02 14:57:51  com.yc.utils.Common.error(Common.java:16)  com.yc.ui.Logon.main(Logon.java:51)
2016-05-02 16:28:59  com.yc.utils.Common.error(Common.java:18)  oracle.jdbc.driver.DatabaseError.throwSqlException(DatabaseError.java:112)
2016-05-02 16:28:59  com.yc.utils.Common.error(Common.java:18)  oracle.jdbc.driver.DatabaseError.throwSqlException(DatabaseError.java:146)
2016-05-02 16:28:59  com.yc.utils.Common.error(Common.java:18)  oracle.jdbc.driver.DatabaseError.throwSqlException(DatabaseError.java:208)
2016-05-02 16:28:59  com.yc.utils.Common.error(Common.java:18)  oracle.jdbc.driver.T4CConnection.logon(T4CConnection.java:236)
2016-05-02 16:28:59  com.yc.utils.Common.error(Common.java:18)  oracle.jdbc.driver.PhysicalConnection.<init>(PhysicalConnection.java:414)
2016-05-02 16:28:59  com.yc.utils.Common.error(Common.java:18)  oracle.jdbc.driver.T4CConnection.<init>(T4CConnection.java:165)
2016-05-02 16:28:59  com.yc.utils.Common.error(Common.java:18)  oracle.jdbc.driver.T4CDriverExtension.getConnection(T4CDriverExtension.java:35)
2016-05-02 16:28:59  com.yc.utils.Common.error(Common.java:18)  oracle.jdbc.driver.OracleDriver.connect(OracleDriver.java:801)
2016-05-02 16:28:59  com.yc.utils.Common.error(Common.java:18)  java.sql.DriverManager.getConnection(DriverManager.java:571)
2016-05-02 16:28:59  com.yc.utils.Common.error(Common.java:18)  java.sql.DriverManager.getConnection(DriverManager.java:215)
2016-05-02 16:28:59  com.yc.utils.Common.error(Common.java:18)  com.yc.dao.DBHelper.getCon(DBHelper.java:36)
2016-05-02 16:28:59  com.yc.utils.Common.error(Common.java:18)  com.yc.ui.Logon$2.mouseDoubleClick(Logon.java:195)
2016-05-02 16:28:59  com.yc.utils.Common.error(Common.java:18)  org.eclipse.swt.widgets.TypedListener.handleEvent(TypedListener.java:183)
2016-05-02 16:28:59  com.yc.utils.Common.error(Common.java:18)  org.eclipse.swt.widgets.EventTable.sendEvent(EventTable.java:84)
2016-05-02 16:28:59  com.yc.utils.Common.error(Common.java:18)  org.eclipse.swt.widgets.Widget.sendEvent(Widget.java:1003)
2016-05-02 16:28:59  com.yc.utils.Common.error(Common.java:18)  org.eclipse.swt.widgets.Display.runDeferredEvents(Display.java:3823)
2016-05-02 16:28:59  com.yc.utils.Common.error(Common.java:18)  org.eclipse.swt.widgets.Display.readAndDispatch(Display.java:3422)
2016-05-02 16:28:59  com.yc.utils.Common.error(Common.java:18)  com.yc.ui.Logon.open(Logon.java:68)
2016-05-02 16:28:59  com.yc.utils.Common.error(Common.java:18)  com.yc.ui.Logon.main(Logon.java:53)
2016-05-03 22:33:00  com.yc.utils.Common.error(Common.java:18)  oracle.jdbc.driver.DatabaseError.throwSqlException(DatabaseError.java:112)
2016-05-03 22:33:00  com.yc.utils.Common.error(Common.java:18)  oracle.jdbc.driver.T4CTTIoer.processError(T4CTTIoer.java:331)
2016-05-03 22:33:00  com.yc.utils.Common.error(Common.java:18)  oracle.jdbc.driver.T4CTTIoer.processError(T4CTTIoer.java:283)
2016-05-03 22:33:00  com.yc.utils.Common.error(Common.java:18)  oracle.jdbc.driver.T4CTTIoer.processError(T4CTTIoer.java:278)
2016-05-03 22:33:00  com.yc.utils.Common.error(Common.java:18)  oracle.jdbc.driver.T4CTTIoauthenticate.receiveOauth(T4CTTIoauthenticate.java:785)
2016-05-03 22:33:00  com.yc.utils.Common.error(Common.java:18)  oracle.jdbc.driver.T4CConnection.logon(T4CConnection.java:362)
2016-05-03 22:33:00  com.yc.utils.Common.error(Common.java:18)  oracle.jdbc.driver.PhysicalConnection.<init>(PhysicalConnection.java:414)
2016-05-03 22:33:00  com.yc.utils.Common.error(Common.java:18)  oracle.jdbc.driver.T4CConnection.<init>(T4CConnection.java:165)
2016-05-03 22:33:00  com.yc.utils.Common.error(Common.java:18)  oracle.jdbc.driver.T4CDriverExtension.getConnection(T4CDriverExtension.java:35)
2016-05-03 22:33:00  com.yc.utils.Common.error(Common.java:18)  oracle.jdbc.driver.OracleDriver.connect(OracleDriver.java:801)
2016-05-03 22:33:00  com.yc.utils.Common.error(Common.java:18)  java.sql.DriverManager.getConnection(DriverManager.java:571)
2016-05-03 22:33:00  com.yc.utils.Common.error(Common.java:18)  java.sql.DriverManager.getConnection(DriverManager.java:215)
2016-05-03 22:33:00  com.yc.utils.Common.error(Common.java:18)  com.yc.dao.DBHelper.getCon(DBHelper.java:36)
2016-05-03 22:33:00  com.yc.utils.Common.error(Common.java:18)  com.yc.ui.Logon$2.mouseDoubleClick(Logon.java:198)
2016-05-03 22:33:00  com.yc.utils.Common.error(Common.java:18)  org.eclipse.swt.widgets.TypedListener.handleEvent(TypedListener.java:183)
2016-05-03 22:33:00  com.yc.utils.Common.error(Common.java:18)  org.eclipse.swt.widgets.EventTable.sendEvent(EventTable.java:84)
2016-05-03 22:33:00  com.yc.utils.Common.error(Common.java:18)  org.eclipse.swt.widgets.Widget.sendEvent(Widget.java:1003)
2016-05-03 22:33:00  com.yc.utils.Common.error(Common.java:18)  org.eclipse.swt.widgets.Display.runDeferredEvents(Display.java:3823)
2016-05-03 22:33:00  com.yc.utils.Common.error(Common.java:18)  org.eclipse.swt.widgets.Display.readAndDispatch(Display.java:3422)
2016-05-03 22:33:00  com.yc.utils.Common.error(Common.java:18)  com.yc.ui.Logon.open(Logon.java:71)
2016-05-03 22:33:00  com.yc.utils.Common.error(Common.java:18)  com.yc.ui.Logon.main(Logon.java:56)
2016-05-03 22:41:16  com.yc.utils.Common.error(Common.java:18)  oracle.jdbc.driver.DatabaseError.throwSqlException(DatabaseError.java:112)
2016-05-03 22:41:16  com.yc.utils.Common.error(Common.java:18)  oracle.jdbc.driver.T4CTTIoer.processError(T4CTTIoer.java:331)
2016-05-03 22:41:16  com.yc.utils.Common.error(Common.java:18)  oracle.jdbc.driver.T4CTTIoer.processError(T4CTTIoer.java:283)
2016-05-03 22:41:16  com.yc.utils.Common.error(Common.java:18)  oracle.jdbc.driver.T4CTTIoer.processError(T4CTTIoer.java:278)
2016-05-03 22:41:16  com.yc.utils.Common.error(Common.java:18)  oracle.jdbc.driver.T4CTTIoauthenticate.receiveOauth(T4CTTIoauthenticate.java:785)
2016-05-03 22:41:16  com.yc.utils.Common.error(Common.java:18)  oracle.jdbc.driver.T4CConnection.logon(T4CConnection.java:362)
2016-05-03 22:41:16  com.yc.utils.Common.error(Common.java:18)  oracle.jdbc.driver.PhysicalConnection.<init>(PhysicalConnection.java:414)
2016-05-03 22:41:16  com.yc.utils.Common.error(Common.java:18)  oracle.jdbc.driver.T4CConnection.<init>(T4CConnection.java:165)
2016-05-03 22:41:16  com.yc.utils.Common.error(Common.java:18)  oracle.jdbc.driver.T4CDriverExtension.getConnection(T4CDriverExtension.java:35)
2016-05-03 22:41:16  com.yc.utils.Common.error(Common.java:18)  oracle.jdbc.driver.OracleDriver.connect(OracleDriver.java:801)
2016-05-03 22:41:16  com.yc.utils.Common.error(Common.java:18)  java.sql.DriverManager.getConnection(DriverManager.java:571)
2016-05-03 22:41:16  com.yc.utils.Common.error(Common.java:18)  java.sql.DriverManager.getConnection(DriverManager.java:215)
2016-05-03 22:41:16  com.yc.utils.Common.error(Common.java:18)  com.yc.dao.DBHelper.getCon(DBHelper.java:36)
2016-05-03 22:41:16  com.yc.utils.Common.error(Common.java:18)  com.yc.ui.Logon$2.mouseDoubleClick(Logon.java:198)
2016-05-03 22:41:16  com.yc.utils.Common.error(Common.java:18)  org.eclipse.swt.widgets.TypedListener.handleEvent(TypedListener.java:183)
2016-05-03 22:41:16  com.yc.utils.Common.error(Common.java:18)  org.eclipse.swt.widgets.EventTable.sendEvent(EventTable.java:84)
2016-05-03 22:41:16  com.yc.utils.Common.error(Common.java:18)  org.eclipse.swt.widgets.Widget.sendEvent(Widget.java:1003)
2016-05-03 22:41:16  com.yc.utils.Common.error(Common.java:18)  org.eclipse.swt.widgets.Display.runDeferredEvents(Display.java:3823)
2016-05-03 22:41:16  com.yc.utils.Common.error(Common.java:18)  org.eclipse.swt.widgets.Display.readAndDispatch(Display.java:3422)
2016-05-03 22:41:16  com.yc.utils.Common.error(Common.java:18)  com.yc.ui.Logon.open(Logon.java:71)
2016-05-03 22:41:16  com.yc.utils.Common.error(Common.java:18)  com.yc.ui.Logon.main(Logon.java:56)
2016-05-03 23:20:01  com.yc.utils.Common.error(Common.java:18)  oracle.jdbc.driver.DatabaseError.throwSqlException(DatabaseError.java:112)
2016-05-03 23:20:01  com.yc.utils.Common.error(Common.java:18)  oracle.jdbc.driver.T4CTTIoer.processError(T4CTTIoer.java:331)
2016-05-03 23:20:01  com.yc.utils.Common.error(Common.java:18)  oracle.jdbc.driver.T4CTTIoer.processError(T4CTTIoer.java:283)
2016-05-03 23:20:01  com.yc.utils.Common.error(Common.java:18)  oracle.jdbc.driver.T4CTTIoer.processError(T4CTTIoer.java:278)
2016-05-03 23:20:01  com.yc.utils.Common.error(Common.java:18)  oracle.jdbc.driver.T4CTTIoauthenticate.receiveOauth(T4CTTIoauthenticate.java:785)
2016-05-03 23:20:01  com.yc.utils.Common.error(Common.java:18)  oracle.jdbc.driver.T4CConnection.logon(T4CConnection.java:362)
2016-05-03 23:20:01  com.yc.utils.Common.error(Common.java:18)  oracle.jdbc.driver.PhysicalConnection.<init>(PhysicalConnection.java:414)
2016-05-03 23:20:01  com.yc.utils.Common.error(Common.java:18)  oracle.jdbc.driver.T4CConnection.<init>(T4CConnection.java:165)
2016-05-03 23:20:01  com.yc.utils.Common.error(Common.java:18)  oracle.jdbc.driver.T4CDriverExtension.getConnection(T4CDriverExtension.java:35)
2016-05-03 23:20:01  com.yc.utils.Common.error(Common.java:18)  oracle.jdbc.driver.OracleDriver.connect(OracleDriver.java:801)
2016-05-03 23:20:01  com.yc.utils.Common.error(Common.java:18)  java.sql.DriverManager.getConnection(DriverManager.java:571)
2016-05-03 23:20:01  com.yc.utils.Common.error(Common.java:18)  java.sql.DriverManager.getConnection(DriverManager.java:215)
2016-05-03 23:20:01  com.yc.utils.Common.error(Common.java:18)  com.yc.dao.DBHelper.getCon(DBHelper.java:36)
2016-05-03 23:20:01  com.yc.utils.Common.error(Common.java:18)  com.yc.ui.Logon$2.mouseDoubleClick(Logon.java:198)
2016-05-03 23:20:01  com.yc.utils.Common.error(Common.java:18)  org.eclipse.swt.widgets.TypedListener.handleEvent(TypedListener.java:183)
2016-05-03 23:20:01  com.yc.utils.Common.error(Common.java:18)  org.eclipse.swt.widgets.EventTable.sendEvent(EventTable.java:84)
2016-05-03 23:20:01  com.yc.utils.Common.error(Common.java:18)  org.eclipse.swt.widgets.Widget.sendEvent(Widget.java:1003)
2016-05-03 23:20:01  com.yc.utils.Common.error(Common.java:18)  org.eclipse.swt.widgets.Display.runDeferredEvents(Display.java:3823)
2016-05-03 23:20:01  com.yc.utils.Common.error(Common.java:18)  org.eclipse.swt.widgets.Display.readAndDispatch(Display.java:3422)
2016-05-03 23:20:01  com.yc.utils.Common.error(Common.java:18)  com.yc.ui.Logon.open(Logon.java:71)
2016-05-03 23:20:01  com.yc.utils.Common.error(Common.java:18)  com.yc.ui.Logon.main(Logon.java:56)
2016-05-04 12:58:03  com.yc.utils.Common.error(Common.java:18)  oracle.jdbc.driver.DatabaseError.throwSqlException(DatabaseError.java:112)
2016-05-04 12:58:03  com.yc.utils.Common.error(Common.java:18)  oracle.jdbc.driver.DatabaseError.throwSqlException(DatabaseError.java:261)
2016-05-04 12:58:03  com.yc.utils.Common.error(Common.java:18)  oracle.jdbc.driver.T4CConnection.logon(T4CConnection.java:387)
2016-05-04 12:58:03  com.yc.utils.Common.error(Common.java:18)  oracle.jdbc.driver.PhysicalConnection.<init>(PhysicalConnection.java:414)
2016-05-04 12:58:03  com.yc.utils.Common.error(Common.java:18)  oracle.jdbc.driver.T4CConnection.<init>(T4CConnection.java:165)
2016-05-04 12:58:03  com.yc.utils.Common.error(Common.java:18)  oracle.jdbc.driver.T4CDriverExtension.getConnection(T4CDriverExtension.java:35)
2016-05-04 12:58:03  com.yc.utils.Common.error(Common.java:18)  oracle.jdbc.driver.OracleDriver.connect(OracleDriver.java:801)
2016-05-04 12:58:03  com.yc.utils.Common.error(Common.java:18)  java.sql.DriverManager.getConnection(DriverManager.java:571)
2016-05-04 12:58:03  com.yc.utils.Common.error(Common.java:18)  java.sql.DriverManager.getConnection(DriverManager.java:215)
2016-05-04 12:58:03  com.yc.utils.Common.error(Common.java:18)  com.yc.dao.DBHelper.getCon(DBHelper.java:36)
2016-05-04 12:58:03  com.yc.utils.Common.error(Common.java:18)  com.yc.ui.Logon$2.mouseDoubleClick(Logon.java:198)
2016-05-04 12:58:03  com.yc.utils.Common.error(Common.java:18)  org.eclipse.swt.widgets.TypedListener.handleEvent(TypedListener.java:183)
2016-05-04 12:58:03  com.yc.utils.Common.error(Common.java:18)  org.eclipse.swt.widgets.EventTable.sendEvent(EventTable.java:84)
2016-05-04 12:58:03  com.yc.utils.Common.error(Common.java:18)  org.eclipse.swt.widgets.Widget.sendEvent(Widget.java:1003)
2016-05-04 12:58:03  com.yc.utils.Common.error(Common.java:18)  org.eclipse.swt.widgets.Display.runDeferredEvents(Display.java:3823)
2016-05-04 12:58:03  com.yc.utils.Common.error(Common.java:18)  org.eclipse.swt.widgets.Display.readAndDispatch(Display.java:3422)
2016-05-04 12:58:03  com.yc.utils.Common.error(Common.java:18)  com.yc.ui.Logon.open(Logon.java:71)
2016-05-04 12:58:03  com.yc.utils.Common.error(Common.java:18)  com.yc.ui.Logon.main(Logon.java:56)
2016-05-04 12:59:12  com.yc.utils.Common.error(Common.java:18)  oracle.jdbc.driver.DatabaseError.throwSqlException(DatabaseError.java:112)
2016-05-04 12:59:12  com.yc.utils.Common.error(Common.java:18)  oracle.jdbc.driver.DatabaseError.throwSqlException(DatabaseError.java:261)
2016-05-04 12:59:12  com.yc.utils.Common.error(Common.java:18)  oracle.jdbc.driver.T4CConnection.logon(T4CConnection.java:387)
2016-05-04 12:59:12  com.yc.utils.Common.error(Common.java:18)  oracle.jdbc.driver.PhysicalConnection.<init>(PhysicalConnection.java:414)
2016-05-04 12:59:12  com.yc.utils.Common.error(Common.java:18)  oracle.jdbc.driver.T4CConnection.<init>(T4CConnection.java:165)
2016-05-04 12:59:12  com.yc.utils.Common.error(Common.java:18)  oracle.jdbc.driver.T4CDriverExtension.getConnection(T4CDriverExtension.java:35)
2016-05-04 12:59:12  com.yc.utils.Common.error(Common.java:18)  oracle.jdbc.driver.OracleDriver.connect(OracleDriver.java:801)
2016-05-04 12:59:12  com.yc.utils.Common.error(Common.java:18)  java.sql.DriverManager.getConnection(DriverManager.java:571)
2016-05-04 12:59:12  com.yc.utils.Common.error(Common.java:18)  java.sql.DriverManager.getConnection(DriverManager.java:215)
2016-05-04 12:59:12  com.yc.utils.Common.error(Common.java:18)  com.yc.dao.DBHelper.getCon(DBHelper.java:36)
2016-05-04 12:59:12  com.yc.utils.Common.error(Common.java:18)  com.yc.ui.Logon$2.mouseDoubleClick(Logon.java:198)
2016-05-04 12:59:12  com.yc.utils.Common.error(Common.java:18)  org.eclipse.swt.widgets.TypedListener.handleEvent(TypedListener.java:183)
2016-05-04 12:59:12  com.yc.utils.Common.error(Common.java:18)  org.eclipse.swt.widgets.EventTable.sendEvent(EventTable.java:84)
2016-05-04 12:59:12  com.yc.utils.Common.error(Common.java:18)  org.eclipse.swt.widgets.Widget.sendEvent(Widget.java:1003)
2016-05-04 12:59:12  com.yc.utils.Common.error(Common.java:18)  org.eclipse.swt.widgets.Display.runDeferredEvents(Display.java:3823)
2016-05-04 12:59:12  com.yc.utils.Common.error(Common.java:18)  org.eclipse.swt.widgets.Display.readAndDispatch(Display.java:3422)
2016-05-04 12:59:12  com.yc.utils.Common.error(Common.java:18)  com.yc.ui.Logon.open(Logon.java:71)
2016-05-04 12:59:12  com.yc.utils.Common.error(Common.java:18)  com.yc.ui.Logon.main(Logon.java:56)
2016-05-04 13:11:49  com.yc.utils.Common.error(Common.java:18)  oracle.jdbc.driver.DatabaseError.throwSqlException(DatabaseError.java:112)
2016-05-04 13:11:49  com.yc.utils.Common.error(Common.java:18)  oracle.jdbc.driver.T4CTTIoer.processError(T4CTTIoer.java:331)
2016-05-04 13:11:49  com.yc.utils.Common.error(Common.java:18)  oracle.jdbc.driver.T4CTTIoer.processError(T4CTTIoer.java:283)
2016-05-04 13:11:49  com.yc.utils.Common.error(Common.java:18)  oracle.jdbc.driver.T4CTTIoer.processError(T4CTTIoer.java:278)
2016-05-04 13:11:49  com.yc.utils.Common.error(Common.java:18)  oracle.jdbc.driver.T4CTTIoauthenticate.receiveOauth(T4CTTIoauthenticate.java:785)
2016-05-04 13:11:49  com.yc.utils.Common.error(Common.java:18)  oracle.jdbc.driver.T4CConnection.logon(T4CConnection.java:362)
2016-05-04 13:11:49  com.yc.utils.Common.error(Common.java:18)  oracle.jdbc.driver.PhysicalConnection.<init>(PhysicalConnection.java:414)
2016-05-04 13:11:49  com.yc.utils.Common.error(Common.java:18)  oracle.jdbc.driver.T4CConnection.<init>(T4CConnection.java:165)
2016-05-04 13:11:49  com.yc.utils.Common.error(Common.java:18)  oracle.jdbc.driver.T4CDriverExtension.getConnection(T4CDriverExtension.java:35)
2016-05-04 13:11:49  com.yc.utils.Common.error(Common.java:18)  oracle.jdbc.driver.OracleDriver.connect(OracleDriver.java:801)
2016-05-04 13:11:49  com.yc.utils.Common.error(Common.java:18)  java.sql.DriverManager.getConnection(DriverManager.java:571)
2016-05-04 13:11:49  com.yc.utils.Common.error(Common.java:18)  java.sql.DriverManager.getConnection(DriverManager.java:215)
2016-05-04 13:11:49  com.yc.utils.Common.error(Common.java:18)  com.yc.dao.DBHelper.getCon(DBHelper.java:36)
2016-05-04 13:11:49  com.yc.utils.Common.error(Common.java:18)  com.yc.ui.Logon$2.mouseDoubleClick(Logon.java:198)
2016-05-04 13:11:49  com.yc.utils.Common.error(Common.java:18)  org.eclipse.swt.widgets.TypedListener.handleEvent(TypedListener.java:183)
2016-05-04 13:11:49  com.yc.utils.Common.error(Common.java:18)  org.eclipse.swt.widgets.EventTable.sendEvent(EventTable.java:84)
2016-05-04 13:11:49  com.yc.utils.Common.error(Common.java:18)  org.eclipse.swt.widgets.Widget.sendEvent(Widget.java:1003)
2016-05-04 13:11:49  com.yc.utils.Common.error(Common.java:18)  org.eclipse.swt.widgets.Display.runDeferredEvents(Display.java:3823)
2016-05-04 13:11:49  com.yc.utils.Common.error(Common.java:18)  org.eclipse.swt.widgets.Display.readAndDispatch(Display.java:3422)
2016-05-04 13:11:49  com.yc.utils.Common.error(Common.java:18)  com.yc.ui.Logon.open(Logon.java:71)
2016-05-04 13:11:49  com.yc.utils.Common.error(Common.java:18)  com.yc.ui.Logon.main(Logon.java:56)
2016-05-04 14:55:22  com.yc.utils.Common.error(Common.java:18)  oracle.jdbc.driver.DatabaseError.throwSqlException(DatabaseError.java:112)
2016-05-04 14:55:22  com.yc.utils.Common.error(Common.java:18)  oracle.jdbc.driver.DatabaseError.throwSqlException(DatabaseError.java:146)
2016-05-04 14:55:22  com.yc.utils.Common.error(Common.java:18)  oracle.jdbc.driver.DatabaseError.throwSqlException(DatabaseError.java:255)
2016-05-04 14:55:22  com.yc.utils.Common.error(Common.java:18)  oracle.jdbc.driver.T4CConnection.logon(T4CConnection.java:387)
2016-05-04 14:55:22  com.yc.utils.Common.error(Common.java:18)  oracle.jdbc.driver.PhysicalConnection.<init>(PhysicalConnection.java:414)
2016-05-04 14:55:22  com.yc.utils.Common.error(Common.java:18)  oracle.jdbc.driver.T4CConnection.<init>(T4CConnection.java:165)
2016-05-04 14:55:22  com.yc.utils.Common.error(Common.java:18)  oracle.jdbc.driver.T4CDriverExtension.getConnection(T4CDriverExtension.java:35)
2016-05-04 14:55:22  com.yc.utils.Common.error(Common.java:18)  oracle.jdbc.driver.OracleDriver.connect(OracleDriver.java:801)
2016-05-04 14:55:22  com.yc.utils.Common.error(Common.java:18)  java.sql.DriverManager.getConnection(DriverManager.java:571)
2016-05-04 14:55:22  com.yc.utils.Common.error(Common.java:18)  java.sql.DriverManager.getConnection(DriverManager.java:215)
2016-05-04 14:55:22  com.yc.utils.Common.error(Common.java:18)  com.yc.dao.DBHelper.getCon(DBHelper.java:36)
2016-05-04 14:55:22  com.yc.utils.Common.error(Common.java:18)  com.yc.ui.Logon$2.mouseDoubleClick(Logon.java:204)
2016-05-04 14:55:22  com.yc.utils.Common.error(Common.java:18)  org.eclipse.swt.widgets.TypedListener.handleEvent(TypedListener.java:183)
2016-05-04 14:55:22  com.yc.utils.Common.error(Common.java:18)  org.eclipse.swt.widgets.EventTable.sendEvent(EventTable.java:84)
2016-05-04 14:55:22  com.yc.utils.Common.error(Common.java:18)  org.eclipse.swt.widgets.Widget.sendEvent(Widget.java:1003)
2016-05-04 14:55:22  com.yc.utils.Common.error(Common.java:18)  org.eclipse.swt.widgets.Display.runDeferredEvents(Display.java:3823)
2016-05-04 14:55:22  com.yc.utils.Common.error(Common.java:18)  org.eclipse.swt.widgets.Display.readAndDispatch(Display.java:3422)
2016-05-04 14:55:22  com.yc.utils.Common.error(Common.java:18)  com.yc.ui.Logon.open(Logon.java:78)
2016-05-04 14:55:22  com.yc.utils.Common.error(Common.java:18)  com.yc.ui.Logon.main(Logon.java:63)
2016-05-04 14:55:32  com.yc.utils.Common.error(Common.java:18)  oracle.jdbc.driver.DatabaseError.throwSqlException(DatabaseError.java:112)
2016-05-04 14:55:32  com.yc.utils.Common.error(Common.java:18)  oracle.jdbc.driver.DatabaseError.throwSqlException(DatabaseError.java:146)
2016-05-04 14:55:32  com.yc.utils.Common.error(Common.java:18)  oracle.jdbc.driver.DatabaseError.throwSqlException(DatabaseError.java:255)
2016-05-04 14:55:32  com.yc.utils.Common.error(Common.java:18)  oracle.jdbc.driver.T4CConnection.logon(T4CConnection.java:387)
2016-05-04 14:55:32  com.yc.utils.Common.error(Common.java:18)  oracle.jdbc.driver.PhysicalConnection.<init>(PhysicalConnection.java:414)
2016-05-04 14:55:32  com.yc.utils.Common.error(Common.java:18)  oracle.jdbc.driver.T4CConnection.<init>(T4CConnection.java:165)
2016-05-04 14:55:32  com.yc.utils.Common.error(Common.java:18)  oracle.jdbc.driver.T4CDriverExtension.getConnection(T4CDriverExtension.java:35)
2016-05-04 14:55:32  com.yc.utils.Common.error(Common.java:18)  oracle.jdbc.driver.OracleDriver.connect(OracleDriver.java:801)
2016-05-04 14:55:32  com.yc.utils.Common.error(Common.java:18)  java.sql.DriverManager.getConnection(DriverManager.java:571)
2016-05-04 14:55:32  com.yc.utils.Common.error(Common.java:18)  java.sql.DriverManager.getConnection(DriverManager.java:215)
2016-05-04 14:55:32  com.yc.utils.Common.error(Common.java:18)  com.yc.dao.DBHelper.getCon(DBHelper.java:36)
2016-05-04 14:55:32  com.yc.utils.Common.error(Common.java:18)  com.yc.ui.Logon$2.mouseDoubleClick(Logon.java:204)
2016-05-04 14:55:32  com.yc.utils.Common.error(Common.java:18)  org.eclipse.swt.widgets.TypedListener.handleEvent(TypedListener.java:183)
2016-05-04 14:55:32  com.yc.utils.Common.error(Common.java:18)  org.eclipse.swt.widgets.EventTable.sendEvent(EventTable.java:84)
2016-05-04 14:55:32  com.yc.utils.Common.error(Common.java:18)  org.eclipse.swt.widgets.Widget.sendEvent(Widget.java:1003)
2016-05-04 14:55:32  com.yc.utils.Common.error(Common.java:18)  org.eclipse.swt.widgets.Display.runDeferredEvents(Display.java:3823)
2016-05-04 14:55:32  com.yc.utils.Common.error(Common.java:18)  org.eclipse.swt.widgets.Display.readAndDispatch(Display.java:3422)
2016-05-04 14:55:32  com.yc.utils.Common.error(Common.java:18)  com.yc.ui.Logon.open(Logon.java:78)
2016-05-04 14:55:32  com.yc.utils.Common.error(Common.java:18)  com.yc.ui.Logon.main(Logon.java:63)
2016-05-04 14:57:03  com.yc.utils.Common.error(Common.java:18)  oracle.jdbc.driver.DatabaseError.throwSqlException(DatabaseError.java:112)
2016-05-04 14:57:03  com.yc.utils.Common.error(Common.java:18)  oracle.jdbc.driver.DatabaseError.throwSqlException(DatabaseError.java:146)
2016-05-04 14:57:03  com.yc.utils.Common.error(Common.java:18)  oracle.jdbc.driver.DatabaseError.throwSqlException(DatabaseError.java:255)
2016-05-04 14:57:03  com.yc.utils.Common.error(Common.java:18)  oracle.jdbc.driver.T4CConnection.logon(T4CConnection.java:387)
2016-05-04 14:57:03  com.yc.utils.Common.error(Common.java:18)  oracle.jdbc.driver.PhysicalConnection.<init>(PhysicalConnection.java:414)
2016-05-04 14:57:03  com.yc.utils.Common.error(Common.java:18)  oracle.jdbc.driver.T4CConnection.<init>(T4CConnection.java:165)
2016-05-04 14:57:03  com.yc.utils.Common.error(Common.java:18)  oracle.jdbc.driver.T4CDriverExtension.getConnection(T4CDriverExtension.java:35)
2016-05-04 14:57:03  com.yc.utils.Common.error(Common.java:18)  oracle.jdbc.driver.OracleDriver.connect(OracleDriver.java:801)
2016-05-04 14:57:03  com.yc.utils.Common.error(Common.java:18)  java.sql.DriverManager.getConnection(DriverManager.java:571)
2016-05-04 14:57:03  com.yc.utils.Common.error(Common.java:18)  java.sql.DriverManager.getConnection(DriverManager.java:215)
2016-05-04 14:57:03  com.yc.utils.Common.error(Common.java:18)  com.yc.dao.DBHelper.getCon(DBHelper.java:36)
2016-05-04 14:57:03  com.yc.utils.Common.error(Common.java:18)  com.yc.ui.Logon$2.mouseDoubleClick(Logon.java:204)
2016-05-04 14:57:03  com.yc.utils.Common.error(Common.java:18)  org.eclipse.swt.widgets.TypedListener.handleEvent(TypedListener.java:183)
2016-05-04 14:57:03  com.yc.utils.Common.error(Common.java:18)  org.eclipse.swt.widgets.EventTable.sendEvent(EventTable.java:84)
2016-05-04 14:57:03  com.yc.utils.Common.error(Common.java:18)  org.eclipse.swt.widgets.Widget.sendEvent(Widget.java:1003)
2016-05-04 14:57:03  com.yc.utils.Common.error(Common.java:18)  org.eclipse.swt.widgets.Display.runDeferredEvents(Display.java:3823)
2016-05-04 14:57:03  com.yc.utils.Common.error(Common.java:18)  org.eclipse.swt.widgets.Display.readAndDispatch(Display.java:3422)
2016-05-04 14:57:03  com.yc.utils.Common.error(Common.java:18)  com.yc.ui.Logon.open(Logon.java:78)
2016-05-04 14:57:03  com.yc.utils.Common.error(Common.java:18)  com.yc.ui.Logon.main(Logon.java:63)
2016-05-04 14:57:53  com.yc.utils.Common.error(Common.java:18)  oracle.jdbc.driver.DatabaseError.throwSqlException(DatabaseError.java:112)
2016-05-04 14:57:53  com.yc.utils.Common.error(Common.java:18)  oracle.jdbc.driver.DatabaseError.throwSqlException(DatabaseError.java:261)
2016-05-04 14:57:53  com.yc.utils.Common.error(Common.java:18)  oracle.jdbc.driver.T4CConnection.logon(T4CConnection.java:387)
2016-05-04 14:57:53  com.yc.utils.Common.error(Common.java:18)  oracle.jdbc.driver.PhysicalConnection.<init>(PhysicalConnection.java:414)
2016-05-04 14:57:53  com.yc.utils.Common.error(Common.java:18)  oracle.jdbc.driver.T4CConnection.<init>(T4CConnection.java:165)
2016-05-04 14:57:53  com.yc.utils.Common.error(Common.java:18)  oracle.jdbc.driver.T4CDriverExtension.getConnection(T4CDriverExtension.java:35)
2016-05-04 14:57:53  com.yc.utils.Common.error(Common.java:18)  oracle.jdbc.driver.OracleDriver.connect(OracleDriver.java:801)
2016-05-04 14:57:53  com.yc.utils.Common.error(Common.java:18)  java.sql.DriverManager.getConnection(DriverManager.java:571)
2016-05-04 14:57:53  com.yc.utils.Common.error(Common.java:18)  java.sql.DriverManager.getConnection(DriverManager.java:215)
2016-05-04 14:57:53  com.yc.utils.Common.error(Common.java:18)  com.yc.dao.DBHelper.getCon(DBHelper.java:36)
2016-05-04 14:57:53  com.yc.utils.Common.error(Common.java:18)  com.yc.ui.Logon$2.mouseDoubleClick(Logon.java:204)
2016-05-04 14:57:53  com.yc.utils.Common.error(Common.java:18)  org.eclipse.swt.widgets.TypedListener.handleEvent(TypedListener.java:183)
2016-05-04 14:57:53  com.yc.utils.Common.error(Common.java:18)  org.eclipse.swt.widgets.EventTable.sendEvent(EventTable.java:84)
2016-05-04 14:57:53  com.yc.utils.Common.error(Common.java:18)  org.eclipse.swt.widgets.Widget.sendEvent(Widget.java:1003)
2016-05-04 14:57:53  com.yc.utils.Common.error(Common.java:18)  org.eclipse.swt.widgets.Display.runDeferredEvents(Display.java:3823)
2016-05-04 14:57:53  com.yc.utils.Common.error(Common.java:18)  org.eclipse.swt.widgets.Display.readAndDispatch(Display.java:3422)
2016-05-04 14:57:53  com.yc.utils.Common.error(Common.java:18)  com.yc.ui.Logon.open(Logon.java:78)
2016-05-04 14:57:53  com.yc.utils.Common.error(Common.java:18)  com.yc.ui.Logon.main(Logon.java:63)
2016-05-04 14:57:55  com.yc.utils.Common.error(Common.java:18)  oracle.jdbc.driver.DatabaseError.throwSqlException(DatabaseError.java:112)
2016-05-04 14:57:55  com.yc.utils.Common.error(Common.java:18)  oracle.jdbc.driver.DatabaseError.throwSqlException(DatabaseError.java:261)
2016-05-04 14:57:55  com.yc.utils.Common.error(Common.java:18)  oracle.jdbc.driver.T4CConnection.logon(T4CConnection.java:387)
2016-05-04 14:57:55  com.yc.utils.Common.error(Common.java:18)  oracle.jdbc.driver.PhysicalConnection.<init>(PhysicalConnection.java:414)
2016-05-04 14:57:55  com.yc.utils.Common.error(Common.java:18)  oracle.jdbc.driver.T4CConnection.<init>(T4CConnection.java:165)
2016-05-04 14:57:55  com.yc.utils.Common.error(Common.java:18)  oracle.jdbc.driver.T4CDriverExtension.getConnection(T4CDriverExtension.java:35)
2016-05-04 14:57:55  com.yc.utils.Common.error(Common.java:18)  oracle.jdbc.driver.OracleDriver.connect(OracleDriver.java:801)
2016-05-04 14:57:55  com.yc.utils.Common.error(Common.java:18)  java.sql.DriverManager.getConnection(DriverManager.java:571)
2016-05-04 14:57:55  com.yc.utils.Common.error(Common.java:18)  java.sql.DriverManager.getConnection(DriverManager.java:215)
2016-05-04 14:57:55  com.yc.utils.Common.error(Common.java:18)  com.yc.dao.DBHelper.getCon(DBHelper.java:36)
2016-05-04 14:57:55  com.yc.utils.Common.error(Common.java:18)  com.yc.ui.Logon$2.mouseDoubleClick(Logon.java:204)
2016-05-04 14:57:55  com.yc.utils.Common.error(Common.java:18)  org.eclipse.swt.widgets.TypedListener.handleEvent(TypedListener.java:183)
2016-05-04 14:57:55  com.yc.utils.Common.error(Common.java:18)  org.eclipse.swt.widgets.EventTable.sendEvent(EventTable.java:84)
2016-05-04 14:57:55  com.yc.utils.Common.error(Common.java:18)  org.eclipse.swt.widgets.Widget.sendEvent(Widget.java:1003)
2016-05-04 14:57:55  com.yc.utils.Common.error(Common.java:18)  org.eclipse.swt.widgets.Display.runDeferredEvents(Display.java:3823)
2016-05-04 14:57:55  com.yc.utils.Common.error(Common.java:18)  org.eclipse.swt.widgets.Display.readAndDispatch(Display.java:3422)
2016-05-04 14:57:55  com.yc.utils.Common.error(Common.java:18)  com.yc.ui.Logon.open(Logon.java:78)
2016-05-04 14:57:55  com.yc.utils.Common.error(Common.java:18)  com.yc.ui.Logon.main(Logon.java:63)
2016-05-04 14:58:04  com.yc.utils.Common.error(Common.java:18)  oracle.jdbc.driver.DatabaseError.throwSqlException(DatabaseError.java:112)
2016-05-04 14:58:04  com.yc.utils.Common.error(Common.java:18)  oracle.jdbc.driver.DatabaseError.throwSqlException(DatabaseError.java:261)
2016-05-04 14:58:04  com.yc.utils.Common.error(Common.java:18)  oracle.jdbc.driver.T4CConnection.logon(T4CConnection.java:387)
2016-05-04 14:58:04  com.yc.utils.Common.error(Common.java:18)  oracle.jdbc.driver.PhysicalConnection.<init>(PhysicalConnection.java:414)
2016-05-04 14:58:04  com.yc.utils.Common.error(Common.java:18)  oracle.jdbc.driver.T4CConnection.<init>(T4CConnection.java:165)
2016-05-04 14:58:04  com.yc.utils.Common.error(Common.java:18)  oracle.jdbc.driver.T4CDriverExtension.getConnection(T4CDriverExtension.java:35)
2016-05-04 14:58:04  com.yc.utils.Common.error(Common.java:18)  oracle.jdbc.driver.OracleDriver.connect(OracleDriver.java:801)
2016-05-04 14:58:04  com.yc.utils.Common.error(Common.java:18)  java.sql.DriverManager.getConnection(DriverManager.java:571)
2016-05-04 14:58:04  com.yc.utils.Common.error(Common.java:18)  java.sql.DriverManager.getConnection(DriverManager.java:215)
2016-05-04 14:58:04  com.yc.utils.Common.error(Common.java:18)  com.yc.dao.DBHelper.getCon(DBHelper.java:36)
2016-05-04 14:58:04  com.yc.utils.Common.error(Common.java:18)  com.yc.ui.Logon$2.mouseDoubleClick(Logon.java:204)
2016-05-04 14:58:04  com.yc.utils.Common.error(Common.java:18)  org.eclipse.swt.widgets.TypedListener.handleEvent(TypedListener.java:183)
2016-05-04 14:58:04  com.yc.utils.Common.error(Common.java:18)  org.eclipse.swt.widgets.EventTable.sendEvent(EventTable.java:84)
2016-05-04 14:58:04  com.yc.utils.Common.error(Common.java:18)  org.eclipse.swt.widgets.Widget.sendEvent(Widget.java:1003)
2016-05-04 14:58:04  com.yc.utils.Common.error(Common.java:18)  org.eclipse.swt.widgets.Display.runDeferredEvents(Display.java:3823)
2016-05-04 14:58:04  com.yc.utils.Common.error(Common.java:18)  org.eclipse.swt.widgets.Display.readAndDispatch(Display.java:3422)
2016-05-04 14:58:04  com.yc.utils.Common.error(Common.java:18)  com.yc.ui.Logon.open(Logon.java:78)
2016-05-04 14:58:04  com.yc.utils.Common.error(Common.java:18)  com.yc.ui.Logon.main(Logon.java:63)
2016-05-04 14:58:19  com.yc.utils.Common.error(Common.java:18)  oracle.jdbc.driver.DatabaseError.throwSqlException(DatabaseError.java:112)
2016-05-04 14:58:19  com.yc.utils.Common.error(Common.java:18)  oracle.jdbc.driver.DatabaseError.throwSqlException(DatabaseError.java:261)
2016-05-04 14:58:19  com.yc.utils.Common.error(Common.java:18)  oracle.jdbc.driver.T4CConnection.logon(T4CConnection.java:387)
2016-05-04 14:58:19  com.yc.utils.Common.error(Common.java:18)  oracle.jdbc.driver.PhysicalConnection.<init>(PhysicalConnection.java:414)
2016-05-04 14:58:19  com.yc.utils.Common.error(Common.java:18)  oracle.jdbc.driver.T4CConnection.<init>(T4CConnection.java:165)
2016-05-04 14:58:19  com.yc.utils.Common.error(Common.java:18)  oracle.jdbc.driver.T4CDriverExtension.getConnection(T4CDriverExtension.java:35)
2016-05-04 14:58:19  com.yc.utils.Common.error(Common.java:18)  oracle.jdbc.driver.OracleDriver.connect(OracleDriver.java:801)
2016-05-04 14:58:19  com.yc.utils.Common.error(Common.java:18)  java.sql.DriverManager.getConnection(DriverManager.java:571)
2016-05-04 14:58:19  com.yc.utils.Common.error(Common.java:18)  java.sql.DriverManager.getConnection(DriverManager.java:215)
2016-05-04 14:58:19  com.yc.utils.Common.error(Common.java:18)  com.yc.dao.DBHelper.getCon(DBHelper.java:36)
2016-05-04 14:58:19  com.yc.utils.Common.error(Common.java:18)  com.yc.ui.Logon$2.mouseDoubleClick(Logon.java:204)
2016-05-04 14:58:19  com.yc.utils.Common.error(Common.java:18)  org.eclipse.swt.widgets.TypedListener.handleEvent(TypedListener.java:183)
2016-05-04 14:58:19  com.yc.utils.Common.error(Common.java:18)  org.eclipse.swt.widgets.EventTable.sendEvent(EventTable.java:84)
2016-05-04 14:58:19  com.yc.utils.Common.error(Common.java:18)  org.eclipse.swt.widgets.Widget.sendEvent(Widget.java:1003)
2016-05-04 14:58:19  com.yc.utils.Common.error(Common.java:18)  org.eclipse.swt.widgets.Display.runDeferredEvents(Display.java:3823)
2016-05-04 14:58:19  com.yc.utils.Common.error(Common.java:18)  org.eclipse.swt.widgets.Display.readAndDispatch(Display.java:3422)
2016-05-04 14:58:19  com.yc.utils.Common.error(Common.java:18)  com.yc.ui.Logon.open(Logon.java:78)
2016-05-04 14:58:19  com.yc.utils.Common.error(Common.java:18)  com.yc.ui.Logon.main(Logon.java:63)
2016-05-04 15:05:00  com.yc.utils.Common.error(Common.java:18)  oracle.jdbc.driver.DatabaseError.throwSqlException(DatabaseError.java:112)
2016-05-04 15:05:00  com.yc.utils.Common.error(Common.java:18)  oracle.jdbc.driver.T4CTTIoer.processError(T4CTTIoer.java:331)
2016-05-04 15:05:00  com.yc.utils.Common.error(Common.java:18)  oracle.jdbc.driver.T4CTTIoer.processError(T4CTTIoer.java:283)
2016-05-04 15:05:00  com.yc.utils.Common.error(Common.java:18)  oracle.jdbc.driver.T4CTTIoer.processError(T4CTTIoer.java:278)
2016-05-04 15:05:00  com.yc.utils.Common.error(Common.java:18)  oracle.jdbc.driver.T4CTTIoauthenticate.receiveOauth(T4CTTIoauthenticate.java:785)
2016-05-04 15:05:00  com.yc.utils.Common.error(Common.java:18)  oracle.jdbc.driver.T4CConnection.logon(T4CConnection.java:362)
2016-05-04 15:05:00  com.yc.utils.Common.error(Common.java:18)  oracle.jdbc.driver.PhysicalConnection.<init>(PhysicalConnection.java:414)
2016-05-04 15:05:00  com.yc.utils.Common.error(Common.java:18)  oracle.jdbc.driver.T4CConnection.<init>(T4CConnection.java:165)
2016-05-04 15:05:00  com.yc.utils.Common.error(Common.java:18)  oracle.jdbc.driver.T4CDriverExtension.getConnection(T4CDriverExtension.java:35)
2016-05-04 15:05:00  com.yc.utils.Common.error(Common.java:18)  oracle.jdbc.driver.OracleDriver.connect(OracleDriver.java:801)
2016-05-04 15:05:00  com.yc.utils.Common.error(Common.java:18)  java.sql.DriverManager.getConnection(DriverManager.java:571)
2016-05-04 15:05:00  com.yc.utils.Common.error(Common.java:18)  java.sql.DriverManager.getConnection(DriverManager.java:215)
2016-05-04 15:05:00  com.yc.utils.Common.error(Common.java:18)  com.yc.dao.DBHelper.getCon(DBHelper.java:36)
2016-05-04 15:05:00  com.yc.utils.Common.error(Common.java:18)  com.yc.ui.Logon$2.mouseDown(Logon.java:202)
2016-05-04 15:05:00  com.yc.utils.Common.error(Common.java:18)  org.eclipse.swt.widgets.TypedListener.handleEvent(TypedListener.java:179)
2016-05-04 15:05:00  com.yc.utils.Common.error(Common.java:18)  org.eclipse.swt.widgets.EventTable.sendEvent(EventTable.java:84)
2016-05-04 15:05:00  com.yc.utils.Common.error(Common.java:18)  org.eclipse.swt.widgets.Widget.sendEvent(Widget.java:1003)
2016-05-04 15:05:00  com.yc.utils.Common.error(Common.java:18)  org.eclipse.swt.widgets.Display.runDeferredEvents(Display.java:3823)
2016-05-04 15:05:00  com.yc.utils.Common.error(Common.java:18)  org.eclipse.swt.widgets.Display.readAndDispatch(Display.java:3422)
2016-05-04 15:05:00  com.yc.utils.Common.error(Common.java:18)  com.yc.ui.Logon.open(Logon.java:78)
2016-05-04 15:05:00  com.yc.utils.Common.error(Common.java:18)  com.yc.ui.Logon.main(Logon.java:63)
2016-05-04 19:25:06  com.yc.utils.Common.error(Common.java:18)  oracle.jdbc.driver.DatabaseError.throwSqlException(DatabaseError.java:112)
2016-05-04 19:25:06  com.yc.utils.Common.error(Common.java:18)  oracle.jdbc.driver.T4CTTIoer.processError(T4CTTIoer.java:331)
2016-05-04 19:25:06  com.yc.utils.Common.error(Common.java:18)  oracle.jdbc.driver.T4CTTIoer.processError(T4CTTIoer.java:283)
2016-05-04 19:25:06  com.yc.utils.Common.error(Common.java:18)  oracle.jdbc.driver.T4CTTIoer.processError(T4CTTIoer.java:278)
2016-05-04 19:25:06  com.yc.utils.Common.error(Common.java:18)  oracle.jdbc.driver.T4CTTIoauthenticate.receiveOauth(T4CTTIoauthenticate.java:785)
2016-05-04 19:25:06  com.yc.utils.Common.error(Common.java:18)  oracle.jdbc.driver.T4CConnection.logon(T4CConnection.java:362)
2016-05-04 19:25:06  com.yc.utils.Common.error(Common.java:18)  oracle.jdbc.driver.PhysicalConnection.<init>(PhysicalConnection.java:414)
2016-05-04 19:25:06  com.yc.utils.Common.error(Common.java:18)  oracle.jdbc.driver.T4CConnection.<init>(T4CConnection.java:165)
2016-05-04 19:25:06  com.yc.utils.Common.error(Common.java:18)  oracle.jdbc.driver.T4CDriverExtension.getConnection(T4CDriverExtension.java:35)
2016-05-04 19:25:06  com.yc.utils.Common.error(Common.java:18)  oracle.jdbc.driver.OracleDriver.connect(OracleDriver.java:801)
2016-05-04 19:25:06  com.yc.utils.Common.error(Common.java:18)  java.sql.DriverManager.getConnection(DriverManager.java:571)
2016-05-04 19:25:06  com.yc.utils.Common.error(Common.java:18)  java.sql.DriverManager.getConnection(DriverManager.java:215)
2016-05-04 19:25:06  com.yc.utils.Common.error(Common.java:18)  com.yc.dao.DBHelper.getCon(DBHelper.java:36)
2016-05-04 19:25:06  com.yc.utils.Common.error(Common.java:18)  com.yc.ui.Logon$2.mouseDown(Logon.java:203)
2016-05-04 19:25:06  com.yc.utils.Common.error(Common.java:18)  org.eclipse.swt.widgets.TypedListener.handleEvent(TypedListener.java:179)
2016-05-04 19:25:06  com.yc.utils.Common.error(Common.java:18)  org.eclipse.swt.widgets.EventTable.sendEvent(EventTable.java:84)
2016-05-04 19:25:06  com.yc.utils.Common.error(Common.java:18)  org.eclipse.swt.widgets.Widget.sendEvent(Widget.java:1003)
2016-05-04 19:25:06  com.yc.utils.Common.error(Common.java:18)  org.eclipse.swt.widgets.Display.runDeferredEvents(Display.java:3823)
2016-05-04 19:25:06  com.yc.utils.Common.error(Common.java:18)  org.eclipse.swt.widgets.Display.readAndDispatch(Display.java:3422)
2016-05-04 19:25:06  com.yc.utils.Common.error(Common.java:18)  com.yc.ui.Logon.open(Logon.java:79)
2016-05-04 19:25:06  com.yc.utils.Common.error(Common.java:18)  com.yc.ui.Logon.main(Logon.java:64)
2016-05-04 19:25:14  com.yc.utils.Common.error(Common.java:18)  oracle.jdbc.driver.DatabaseError.throwSqlException(DatabaseError.java:112)
2016-05-04 19:25:14  com.yc.utils.Common.error(Common.java:18)  oracle.jdbc.driver.T4CTTIoer.processError(T4CTTIoer.java:331)
2016-05-04 19:25:14  com.yc.utils.Common.error(Common.java:18)  oracle.jdbc.driver.T4CTTIoer.processError(T4CTTIoer.java:283)
2016-05-04 19:25:14  com.yc.utils.Common.error(Common.java:18)  oracle.jdbc.driver.T4CTTIoer.processError(T4CTTIoer.java:278)
2016-05-04 19:25:14  com.yc.utils.Common.error(Common.java:18)  oracle.jdbc.driver.T4CTTIoauthenticate.receiveOauth(T4CTTIoauthenticate.java:785)
2016-05-04 19:25:14  com.yc.utils.Common.error(Common.java:18)  oracle.jdbc.driver.T4CConnection.logon(T4CConnection.java:362)
2016-05-04 19:25:14  com.yc.utils.Common.error(Common.java:18)  oracle.jdbc.driver.PhysicalConnection.<init>(PhysicalConnection.java:414)
2016-05-04 19:25:14  com.yc.utils.Common.error(Common.java:18)  oracle.jdbc.driver.T4CConnection.<init>(T4CConnection.java:165)
2016-05-04 19:25:14  com.yc.utils.Common.error(Common.java:18)  oracle.jdbc.driver.T4CDriverExtension.getConnection(T4CDriverExtension.java:35)
2016-05-04 19:25:14  com.yc.utils.Common.error(Common.java:18)  oracle.jdbc.driver.OracleDriver.connect(OracleDriver.java:801)
2016-05-04 19:25:14  com.yc.utils.Common.error(Common.java:18)  java.sql.DriverManager.getConnection(DriverManager.java:571)
2016-05-04 19:25:14  com.yc.utils.Common.error(Common.java:18)  java.sql.DriverManager.getConnection(DriverManager.java:215)
2016-05-04 19:25:14  com.yc.utils.Common.error(Common.java:18)  com.yc.dao.DBHelper.getCon(DBHelper.java:36)
2016-05-04 19:25:14  com.yc.utils.Common.error(Common.java:18)  com.yc.ui.Logon$2.mouseDown(Logon.java:203)
2016-05-04 19:25:14  com.yc.utils.Common.error(Common.java:18)  org.eclipse.swt.widgets.TypedListener.handleEvent(TypedListener.java:179)
2016-05-04 19:25:14  com.yc.utils.Common.error(Common.java:18)  org.eclipse.swt.widgets.EventTable.sendEvent(EventTable.java:84)
2016-05-04 19:25:14  com.yc.utils.Common.error(Common.java:18)  org.eclipse.swt.widgets.Widget.sendEvent(Widget.java:1003)
2016-05-04 19:25:14  com.yc.utils.Common.error(Common.java:18)  org.eclipse.swt.widgets.Display.runDeferredEvents(Display.java:3823)
2016-05-04 19:25:14  com.yc.utils.Common.error(Common.java:18)  org.eclipse.swt.widgets.Display.readAndDispatch(Display.java:3422)
2016-05-04 19:25:14  com.yc.utils.Common.error(Common.java:18)  com.yc.ui.Logon.open(Logon.java:79)
2016-05-04 19:25:14  com.yc.utils.Common.error(Common.java:18)  com.yc.ui.Logon.main(Logon.java:64)
2016-05-04 19:25:20  com.yc.utils.Common.error(Common.java:18)  oracle.jdbc.driver.DatabaseError.throwSqlException(DatabaseError.java:112)
2016-05-04 19:25:20  com.yc.utils.Common.error(Common.java:18)  oracle.jdbc.driver.T4CTTIoer.processError(T4CTTIoer.java:331)
2016-05-04 19:25:20  com.yc.utils.Common.error(Common.java:18)  oracle.jdbc.driver.T4CTTIoer.processError(T4CTTIoer.java:283)
2016-05-04 19:25:20  com.yc.utils.Common.error(Common.java:18)  oracle.jdbc.driver.T4CTTIoer.processError(T4CTTIoer.java:278)
2016-05-04 19:25:20  com.yc.utils.Common.error(Common.java:18)  oracle.jdbc.driver.T4CTTIoauthenticate.receiveOauth(T4CTTIoauthenticate.java:785)
2016-05-04 19:25:20  com.yc.utils.Common.error(Common.java:18)  oracle.jdbc.driver.T4CConnection.logon(T4CConnection.java:362)
2016-05-04 19:25:20  com.yc.utils.Common.error(Common.java:18)  oracle.jdbc.driver.PhysicalConnection.<init>(PhysicalConnection.java:414)
2016-05-04 19:25:20  com.yc.utils.Common.error(Common.java:18)  oracle.jdbc.driver.T4CConnection.<init>(T4CConnection.java:165)
2016-05-04 19:25:20  com.yc.utils.Common.error(Common.java:18)  oracle.jdbc.driver.T4CDriverExtension.getConnection(T4CDriverExtension.java:35)
2016-05-04 19:25:20  com.yc.utils.Common.error(Common.java:18)  oracle.jdbc.driver.OracleDriver.connect(OracleDriver.java:801)
2016-05-04 19:25:20  com.yc.utils.Common.error(Common.java:18)  java.sql.DriverManager.getConnection(DriverManager.java:571)
2016-05-04 19:25:20  com.yc.utils.Common.error(Common.java:18)  java.sql.DriverManager.getConnection(DriverManager.java:215)
2016-05-04 19:25:20  com.yc.utils.Common.error(Common.java:18)  com.yc.dao.DBHelper.getCon(DBHelper.java:36)
2016-05-04 19:25:20  com.yc.utils.Common.error(Common.java:18)  com.yc.ui.Logon$2.mouseDown(Logon.java:203)
2016-05-04 19:25:20  com.yc.utils.Common.error(Common.java:18)  org.eclipse.swt.widgets.TypedListener.handleEvent(TypedListener.java:179)
2016-05-04 19:25:20  com.yc.utils.Common.error(Common.java:18)  org.eclipse.swt.widgets.EventTable.sendEvent(EventTable.java:84)
2016-05-04 19:25:20  com.yc.utils.Common.error(Common.java:18)  org.eclipse.swt.widgets.Widget.sendEvent(Widget.java:1003)
2016-05-04 19:25:20  com.yc.utils.Common.error(Common.java:18)  org.eclipse.swt.widgets.Display.runDeferredEvents(Display.java:3823)
2016-05-04 19:25:20  com.yc.utils.Common.error(Common.java:18)  org.eclipse.swt.widgets.Display.readAndDispatch(Display.java:3422)
2016-05-04 19:25:20  com.yc.utils.Common.error(Common.java:18)  com.yc.ui.Logon.open(Logon.java:79)
2016-05-04 19:25:20  com.yc.utils.Common.error(Common.java:18)  com.yc.ui.Logon.main(Logon.java:64)
2016-05-04 19:26:45  com.yc.utils.Common.error(Common.java:18)  oracle.jdbc.driver.DatabaseError.throwSqlException(DatabaseError.java:112)
2016-05-04 19:26:45  com.yc.utils.Common.error(Common.java:18)  oracle.jdbc.driver.DatabaseError.throwSqlException(DatabaseError.java:146)
2016-05-04 19:26:45  com.yc.utils.Common.error(Common.java:18)  oracle.jdbc.driver.DatabaseError.throwSqlException(DatabaseError.java:208)
2016-05-04 19:26:45  com.yc.utils.Common.error(Common.java:18)  oracle.jdbc.driver.T4CConnection.logon(T4CConnection.java:245)
2016-05-04 19:26:45  com.yc.utils.Common.error(Common.java:18)  oracle.jdbc.driver.PhysicalConnection.<init>(PhysicalConnection.java:414)
2016-05-04 19:26:45  com.yc.utils.Common.error(Common.java:18)  oracle.jdbc.driver.T4CConnection.<init>(T4CConnection.java:165)
2016-05-04 19:26:45  com.yc.utils.Common.error(Common.java:18)  oracle.jdbc.driver.T4CDriverExtension.getConnection(T4CDriverExtension.java:35)
2016-05-04 19:26:45  com.yc.utils.Common.error(Common.java:18)  oracle.jdbc.driver.OracleDriver.connect(OracleDriver.java:801)
2016-05-04 19:26:45  com.yc.utils.Common.error(Common.java:18)  java.sql.DriverManager.getConnection(DriverManager.java:571)
2016-05-04 19:26:45  com.yc.utils.Common.error(Common.java:18)  java.sql.DriverManager.getConnection(DriverManager.java:215)
2016-05-04 19:26:45  com.yc.utils.Common.error(Common.java:18)  com.yc.dao.DBHelper.getCon(DBHelper.java:36)
2016-05-04 19:26:45  com.yc.utils.Common.error(Common.java:18)  com.yc.ui.Logon$2.mouseDown(Logon.java:203)
2016-05-04 19:26:45  com.yc.utils.Common.error(Common.java:18)  org.eclipse.swt.widgets.TypedListener.handleEvent(TypedListener.java:179)
2016-05-04 19:26:45  com.yc.utils.Common.error(Common.java:18)  org.eclipse.swt.widgets.EventTable.sendEvent(EventTable.java:84)
2016-05-04 19:26:45  com.yc.utils.Common.error(Common.java:18)  org.eclipse.swt.widgets.Widget.sendEvent(Widget.java:1003)
2016-05-04 19:26:45  com.yc.utils.Common.error(Common.java:18)  org.eclipse.swt.widgets.Display.runDeferredEvents(Display.java:3823)
2016-05-04 19:26:45  com.yc.utils.Common.error(Common.java:18)  org.eclipse.swt.widgets.Display.readAndDispatch(Display.java:3422)
2016-05-04 19:26:45  com.yc.utils.Common.error(Common.java:18)  com.yc.ui.Logon.open(Logon.java:79)
2016-05-04 19:26:45  com.yc.utils.Common.error(Common.java:18)  com.yc.ui.Logon.main(Logon.java:64)
2016-05-04 20:29:44  com.yc.utils.Common.error(Common.java:18)  oracle.jdbc.driver.DatabaseError.throwSqlException(DatabaseError.java:112)
2016-05-04 20:29:44  com.yc.utils.Common.error(Common.java:18)  oracle.jdbc.driver.DatabaseError.throwSqlException(DatabaseError.java:146)
2016-05-04 20:29:44  com.yc.utils.Common.error(Common.java:18)  oracle.jdbc.driver.DatabaseError.throwSqlException(DatabaseError.java:208)
2016-05-04 20:29:44  com.yc.utils.Common.error(Common.java:18)  oracle.jdbc.driver.T4CConnection.logon(T4CConnection.java:245)
2016-05-04 20:29:44  com.yc.utils.Common.error(Common.java:18)  oracle.jdbc.driver.PhysicalConnection.<init>(PhysicalConnection.java:414)
2016-05-04 20:29:44  com.yc.utils.Common.error(Common.java:18)  oracle.jdbc.driver.T4CConnection.<init>(T4CConnection.java:165)
2016-05-04 20:29:44  com.yc.utils.Common.error(Common.java:18)  oracle.jdbc.driver.T4CDriverExtension.getConnection(T4CDriverExtension.java:35)
2016-05-04 20:29:44  com.yc.utils.Common.error(Common.java:18)  oracle.jdbc.driver.OracleDriver.connect(OracleDriver.java:801)
2016-05-04 20:29:44  com.yc.utils.Common.error(Common.java:18)  java.sql.DriverManager.getConnection(DriverManager.java:571)
2016-05-04 20:29:44  com.yc.utils.Common.error(Common.java:18)  java.sql.DriverManager.getConnection(DriverManager.java:215)
2016-05-04 20:29:44  com.yc.utils.Common.error(Common.java:18)  com.yc.dao.DBHelper.getCon(DBHelper.java:36)
2016-05-04 20:29:44  com.yc.utils.Common.error(Common.java:18)  com.yc.ui.Logon$2.mouseDown(Logon.java:200)
2016-05-04 20:29:44  com.yc.utils.Common.error(Common.java:18)  org.eclipse.swt.widgets.TypedListener.handleEvent(TypedListener.java:179)
2016-05-04 20:29:44  com.yc.utils.Common.error(Common.java:18)  org.eclipse.swt.widgets.EventTable.sendEvent(EventTable.java:84)
2016-05-04 20:29:44  com.yc.utils.Common.error(Common.java:18)  org.eclipse.swt.widgets.Widget.sendEvent(Widget.java:1003)
2016-05-04 20:29:44  com.yc.utils.Common.error(Common.java:18)  org.eclipse.swt.widgets.Display.runDeferredEvents(Display.java:3823)
2016-05-04 20:29:44  com.yc.utils.Common.error(Common.java:18)  org.eclipse.swt.widgets.Display.readAndDispatch(Display.java:3422)
2016-05-04 20:29:44  com.yc.utils.Common.error(Common.java:18)  com.yc.ui.Logon.open(Logon.java:81)
2016-05-04 20:29:44  com.yc.utils.Common.error(Common.java:18)  com.yc.ui.Logon.main(Logon.java:66)
2016-05-04 20:31:40  com.yc.utils.Common.error(Common.java:18)  oracle.jdbc.driver.DatabaseError.throwSqlException(DatabaseError.java:112)
2016-05-04 20:31:40  com.yc.utils.Common.error(Common.java:18)  oracle.jdbc.driver.DatabaseError.throwSqlException(DatabaseError.java:146)
2016-05-04 20:31:40  com.yc.utils.Common.error(Common.java:18)  oracle.jdbc.driver.DatabaseError.throwSqlException(DatabaseError.java:208)
2016-05-04 20:31:40  com.yc.utils.Common.error(Common.java:18)  oracle.jdbc.driver.T4CConnection.logon(T4CConnection.java:245)
2016-05-04 20:31:40  com.yc.utils.Common.error(Common.java:18)  oracle.jdbc.driver.PhysicalConnection.<init>(PhysicalConnection.java:414)
2016-05-04 20:31:40  com.yc.utils.Common.error(Common.java:18)  oracle.jdbc.driver.T4CConnection.<init>(T4CConnection.java:165)
2016-05-04 20:31:40  com.yc.utils.Common.error(Common.java:18)  oracle.jdbc.driver.T4CDriverExtension.getConnection(T4CDriverExtension.java:35)
2016-05-04 20:31:40  com.yc.utils.Common.error(Common.java:18)  oracle.jdbc.driver.OracleDriver.connect(OracleDriver.java:801)
2016-05-04 20:31:40  com.yc.utils.Common.error(Common.java:18)  java.sql.DriverManager.getConnection(DriverManager.java:571)
2016-05-04 20:31:40  com.yc.utils.Common.error(Common.java:18)  java.sql.DriverManager.getConnection(DriverManager.java:215)
2016-05-04 20:31:40  com.yc.utils.Common.error(Common.java:18)  com.yc.dao.DBHelper.getCon(DBHelper.java:36)
2016-05-04 20:31:40  com.yc.utils.Common.error(Common.java:18)  com.yc.ui.Logon$2.mouseDown(Logon.java:201)
2016-05-04 20:31:40  com.yc.utils.Common.error(Common.java:18)  org.eclipse.swt.widgets.TypedListener.handleEvent(TypedListener.java:179)
2016-05-04 20:31:40  com.yc.utils.Common.error(Common.java:18)  org.eclipse.swt.widgets.EventTable.sendEvent(EventTable.java:84)
2016-05-04 20:31:40  com.yc.utils.Common.error(Common.java:18)  org.eclipse.swt.widgets.Widget.sendEvent(Widget.java:1003)
2016-05-04 20:31:40  com.yc.utils.Common.error(Common.java:18)  org.eclipse.swt.widgets.Display.runDeferredEvents(Display.java:3823)
2016-05-04 20:31:40  com.yc.utils.Common.error(Common.java:18)  org.eclipse.swt.widgets.Display.readAndDispatch(Display.java:3422)
2016-05-04 20:31:40  com.yc.utils.Common.error(Common.java:18)  com.yc.ui.Logon.open(Logon.java:81)
2016-05-04 20:31:40  com.yc.utils.Common.error(Common.java:18)  com.yc.ui.Logon.main(Logon.java:66)
2016-05-04 20:32:20  com.yc.utils.Common.error(Common.java:18)  oracle.jdbc.driver.DatabaseError.throwSqlException(DatabaseError.java:112)
2016-05-04 20:32:20  com.yc.utils.Common.error(Common.java:18)  oracle.jdbc.driver.DatabaseError.throwSqlException(DatabaseError.java:146)
2016-05-04 20:32:20  com.yc.utils.Common.error(Common.java:18)  oracle.jdbc.driver.DatabaseError.throwSqlException(DatabaseError.java:208)
2016-05-04 20:32:20  com.yc.utils.Common.error(Common.java:18)  oracle.jdbc.driver.T4CConnection.logon(T4CConnection.java:245)
2016-05-04 20:32:20  com.yc.utils.Common.error(Common.java:18)  oracle.jdbc.driver.PhysicalConnection.<init>(PhysicalConnection.java:414)
2016-05-04 20:32:20  com.yc.utils.Common.error(Common.java:18)  oracle.jdbc.driver.T4CConnection.<init>(T4CConnection.java:165)
2016-05-04 20:32:20  com.yc.utils.Common.error(Common.java:18)  oracle.jdbc.driver.T4CDriverExtension.getConnection(T4CDriverExtension.java:35)
2016-05-04 20:32:20  com.yc.utils.Common.error(Common.java:18)  oracle.jdbc.driver.OracleDriver.connect(OracleDriver.java:801)
2016-05-04 20:32:20  com.yc.utils.Common.error(Common.java:18)  java.sql.DriverManager.getConnection(DriverManager.java:571)
2016-05-04 20:32:20  com.yc.utils.Common.error(Common.java:18)  java.sql.DriverManager.getConnection(DriverManager.java:215)
2016-05-04 20:32:20  com.yc.utils.Common.error(Common.java:18)  com.yc.dao.DBHelper.getCon(DBHelper.java:36)
2016-05-04 20:32:20  com.yc.utils.Common.error(Common.java:18)  com.yc.ui.Logon$2.mouseDown(Logon.java:201)
2016-05-04 20:32:20  com.yc.utils.Common.error(Common.java:18)  org.eclipse.swt.widgets.TypedListener.handleEvent(TypedListener.java:179)
2016-05-04 20:32:20  com.yc.utils.Common.error(Common.java:18)  org.eclipse.swt.widgets.EventTable.sendEvent(EventTable.java:84)
2016-05-04 20:32:20  com.yc.utils.Common.error(Common.java:18)  org.eclipse.swt.widgets.Widget.sendEvent(Widget.java:1003)
2016-05-04 20:32:20  com.yc.utils.Common.error(Common.java:18)  org.eclipse.swt.widgets.Display.runDeferredEvents(Display.java:3823)
2016-05-04 20:32:20  com.yc.utils.Common.error(Common.java:18)  org.eclipse.swt.widgets.Display.readAndDispatch(Display.java:3422)
2016-05-04 20:32:20  com.yc.utils.Common.error(Common.java:18)  com.yc.ui.Logon.open(Logon.java:81)
2016-05-04 20:32:20  com.yc.utils.Common.error(Common.java:18)  com.yc.ui.Logon.main(Logon.java:66)
2016-05-05 19:26:02  com.yc.utils.Common.error(Common.java:18)  oracle.jdbc.driver.DatabaseError.throwSqlException(DatabaseError.java:112)
2016-05-05 19:26:02  com.yc.utils.Common.error(Common.java:18)  oracle.jdbc.driver.T4CTTIoer.processError(T4CTTIoer.java:331)
2016-05-05 19:26:02  com.yc.utils.Common.error(Common.java:18)  oracle.jdbc.driver.T4CTTIoer.processError(T4CTTIoer.java:283)
2016-05-05 19:26:02  com.yc.utils.Common.error(Common.java:18)  oracle.jdbc.driver.T4CTTIoer.processError(T4CTTIoer.java:278)
2016-05-05 19:26:02  com.yc.utils.Common.error(Common.java:18)  oracle.jdbc.driver.T4CTTIoauthenticate.receiveOauth(T4CTTIoauthenticate.java:785)
2016-05-05 19:26:02  com.yc.utils.Common.error(Common.java:18)  oracle.jdbc.driver.T4CConnection.logon(T4CConnection.java:362)
2016-05-05 19:26:02  com.yc.utils.Common.error(Common.java:18)  oracle.jdbc.driver.PhysicalConnection.<init>(PhysicalConnection.java:414)
2016-05-05 19:26:02  com.yc.utils.Common.error(Common.java:18)  oracle.jdbc.driver.T4CConnection.<init>(T4CConnection.java:165)
2016-05-05 19:26:02  com.yc.utils.Common.error(Common.java:18)  oracle.jdbc.driver.T4CDriverExtension.getConnection(T4CDriverExtension.java:35)
2016-05-05 19:26:02  com.yc.utils.Common.error(Common.java:18)  oracle.jdbc.driver.OracleDriver.connect(OracleDriver.java:801)
2016-05-05 19:26:02  com.yc.utils.Common.error(Common.java:18)  java.sql.DriverManager.getConnection(DriverManager.java:571)
2016-05-05 19:26:02  com.yc.utils.Common.error(Common.java:18)  java.sql.DriverManager.getConnection(DriverManager.java:215)
2016-05-05 19:26:02  com.yc.utils.Common.error(Common.java:18)  com.yc.dao.DBHelper.getCon(DBHelper.java:36)
2016-05-05 19:26:02  com.yc.utils.Common.error(Common.java:18)  com.yc.ui.Logon$2.mouseDown(Logon.java:200)
2016-05-05 19:26:02  com.yc.utils.Common.error(Common.java:18)  org.eclipse.swt.widgets.TypedListener.handleEvent(TypedListener.java:179)
2016-05-05 19:26:02  com.yc.utils.Common.error(Common.java:18)  org.eclipse.swt.widgets.EventTable.sendEvent(EventTable.java:84)
2016-05-05 19:26:02  com.yc.utils.Common.error(Common.java:18)  org.eclipse.swt.widgets.Widget.sendEvent(Widget.java:1003)
2016-05-05 19:26:02  com.yc.utils.Common.error(Common.java:18)  org.eclipse.swt.widgets.Display.runDeferredEvents(Display.java:3823)
2016-05-05 19:26:02  com.yc.utils.Common.error(Common.java:18)  org.eclipse.swt.widgets.Display.readAndDispatch(Display.java:3422)
2016-05-05 19:26:02  com.yc.utils.Common.error(Common.java:18)  com.yc.ui.Logon.open(Logon.java:81)
2016-05-05 19:26:02  com.yc.utils.Common.error(Common.java:18)  com.yc.ui.Logon.main(Logon.java:66)
